7/4/2004 4:25:22 PM [Operation] Value Report
7/4/2004 4:29:07 PM [Operation] Value Report
7/4/2004 4:34:26 PM [Operation] Value Report
7/4/2004 6:01:34 PM [Operation] Value Report
7/5/2004 4:26:51 AM [Operation] Value Report
7/5/2004 4:40:37 AM [Operation] Value Report
7/5/2004 4:56:51 AM [Operation] Value Report
7/5/2004 5:19:19 AM [Operation] Value Report
7/5/2004 6:17:55 AM [Operation] Value Report
7/5/2004 1:03:09 PM [Operation] Value Report
7/5/2004 2:21:32 PM [Operation] Value Report
7/5/2004 2:24:46 PM [Operation] Value Report
7/5/2004 2:27:46 PM [Operation] Value Report
7/5/2004 2:07:12 PM [Operation] Value Report
7/5/2004 2:42:51 PM [Operation] Value Report
7/8/2004 6:43:03 AM [Operation] Value Report
7/8/2004 6:52:36 AM [Operation] Value Report
7/8/2004 7:08:46 AM [Operation] Value Report
7/8/2004 7:47:16 AM [Operation] Value Report
7/9/2004 9:53:08 AM [Operation] Value Report
7/9/2004 10:00:26 AM [Operation] Value Report
7/9/2004 10:14:26 AM [Operation] Value Report
7/9/2004 11:00:37 AM [Operation] Value Report
7/9/2004 11:49:51 AM [Operation] Value Report
7/9/2004 12:41:36 PM [Operation] Value Report
7/9/2004 12:48:06 PM [Operation] Value Report
7/9/2004 12:40:25 PM [Operation] Value Report
7/9/2004 2:38:23 PM [Operation] Value Report
7/10/2004 12:33:09 AM [Operation] Value Report
7/10/2004 12:41:49 AM [Operation] Value Report
7/10/2004 12:52:05 AM [Operation] Value Report
7/10/2004 1:34:53 AM [Operation] Value Report
7/10/2004 2:39:40 AM [Operation] Value Report
7/10/2004 3:10:43 PM [Operation] Value Report
7/10/2004 3:29:03 PM [Operation] Value Report
7/11/2004 5:07:24 AM [Operation] Value Report
7/11/2004 5:18:10 AM [Operation] Value Report
7/11/2004 5:31:25 AM [Operation] Value Report
7/11/2004 6:03:03 AM [Operation] Value Report
7/11/2004 7:15:55 AM [Operation] Value Report
7/12/2004 10:04:35 PM [Operation] Value Report
7/12/2004 10:35:42 PM [Operation] Value Report
7/12/2004 10:35:57 PM [Operation] Value Report
7/12/2004 10:36:17 PM [Operation] Value Report
7/12/2004 10:40:24 PM [Operation] Value Report
7/12/2004 10:41:26 PM [Operation] Value Report
7/12/2004 10:44:18 PM [Operation] Value Report
7/12/2004 10:59:06 PM [Operation] Value Report
7/12/2004 9:36:21 PM [Operation] Value Report
7/12/2004 9:55:33 PM [Operation] Value Report
7/12/2004 10:15:15 PM [Operation] Value Report
7/12/2004 10:44:48 PM [Operation] Value Report
7/12/2004 11:15:03 PM [Operation] Value Report
7/13/2004 12:28:41 AM [Operation] Value Report
7/13/2004 12:39:55 AM [Operation] Value Report
7/13/2004 12:57:40 AM [Operation] Value Report
7/13/2004 1:16:19 AM [Operation] Value Report
7/13/2004 1:43:22 AM [Operation] Value Report
7/14/2004 12:31:23 AM [Operation] Value Report
7/14/2004 12:45:53 AM [Operation] Value Report
7/14/2004 1:03:08 AM [Operation] Value Report
7/14/2004 1:27:05 AM [Operation] Value Report
7/14/2004 1:52:07 AM [Operation] Value Report
7/14/2004 12:46:59 PM [Operation] Value Report
7/14/2004 1:09:10 PM [Operation] Value Report
7/14/2004 1:15:43 PM [Operation] Value Report
7/14/2004 1:23:52 PM [Exception] Unable to open file: c:\RatingsReports\PdfWagerReport\WagerByTime0714.pdf.
7/15/2004 7:56:27 AM [Operation] Value Report
7/16/2004 12:34:03 AM [Operation] Value Report
7/16/2004 12:42:01 AM [Operation] Value Report
7/16/2004 12:57:03 AM [Operation] Value Report
7/16/2004 1:50:35 AM [Operation] Value Report
7/16/2004 2:44:51 AM [Operation] Value Report
7/16/2004 11:42:52 AM [Operation] Value Report
7/17/2004 12:57:51 PM [Operation] Value Report
7/17/2004 1:01:03 PM [Exception] TppProducer.PrintToPrinter: The file device has already been created.
7/17/2004 1:01:04 PM [Exception] TppProducer.PrintToPrinter: The file device has already been created.
7/17/2004 1:01:04 PM [Exception] TppProducer.PrintToPrinter: The file device has already been created.
7/19/2004 9:30:23 AM [Operation] Value Report
7/19/2004 9:43:28 AM [Operation] Value Report
7/19/2004 9:57:19 AM [Operation] Value Report
7/19/2004 10:23:26 AM [Operation] Value Report
7/19/2004 10:58:33 AM [Operation] Value Report
7/19/2004 1:36:04 PM [Operation] Value Report
7/19/2004 2:16:57 PM [Operation] Value Report
7/20/2004 1:36:21 AM [Operation] Value Report
7/20/2004 1:50:49 AM [Operation] Value Report
7/20/2004 2:14:38 AM [Operation] Value Report
7/20/2004 2:36:47 AM [Operation] Value Report
7/20/2004 3:10:51 AM [Operation] Value Report
7/20/2004 1:33:13 PM [Operation] Value Report
7/21/2004 12:40:00 AM [Operation] Value Report
7/21/2004 1:20:15 AM [Operation] Value Report
7/21/2004 2:17:50 AM [Operation] Value Report
7/21/2004 4:00:28 AM [Operation] Value Report
7/21/2004 5:29:28 AM [Operation] Value Report
7/21/2004 10:02:24 AM [Operation] Value Report
7/21/2004 2:26:26 PM [Operation] Value Report
7/21/2004 3:42:47 PM [Operation] Value Report
7/21/2004 3:44:01 PM [Exception] Unable to open file: d:\RatingsReports\PdfWagerReport\ByTrkCodeValueWager0720.pdf.
7/21/2004 10:39:20 PM [Operation] Value Report
7/22/2004 12:32:58 AM [Operation] Value Report
7/22/2004 12:42:47 AM [Operation] Value Report
7/22/2004 1:00:24 AM [Operation] Value Report
7/22/2004 1:45:00 AM [Operation] Value Report
7/22/2004 2:25:07 AM [Operation] Value Report
7/22/2004 2:39:30 PM [Operation] Value Report
7/22/2004 4:11:45 PM [Operation] Value Report
7/23/2004 5:04:26 AM [Operation] Value Report
7/23/2004 5:13:00 AM [Operation] Value Report
7/23/2004 5:28:09 AM [Operation] Value Report
7/23/2004 6:22:33 AM [Operation] Value Report
7/23/2004 7:38:12 AM [Operation] Value Report
7/24/2004 12:35:40 AM [Operation] Value Report
7/24/2004 12:44:08 AM [Operation] Value Report
7/24/2004 12:57:22 AM [Operation] Value Report
7/24/2004 1:44:50 AM [Operation] Value Report
7/24/2004 2:56:24 AM [Operation] Value Report
7/24/2004 2:48:35 PM [Operation] Value Report
7/24/2004 4:07:14 PM [Operation] Value Report
7/25/2004 12:31:59 AM [Operation] Value Report
7/25/2004 12:41:12 AM [Operation] Value Report
7/25/2004 12:54:33 AM [Operation] Value Report
7/25/2004 1:27:15 AM [Operation] Value Report
7/25/2004 2:25:21 AM [Operation] Value Report
7/26/2004 3:11:57 PM [Operation] Value Report
7/29/2004 12:30:46 AM [Operation] Value Report
7/29/2004 12:41:54 AM [Operation] Value Report
7/29/2004 12:59:05 AM [Operation] Value Report
7/29/2004 1:38:31 AM [Operation] Value Report
7/29/2004 2:15:57 AM [Operation] Value Report
7/29/2004 1:11:30 PM [Operation] Value Report
7/29/2004 2:08:26 PM [Operation] Value Report
7/29/2004 3:09:37 PM [Operation] Value Report
7/30/2004 12:34:32 AM [Operation] Value Report
7/30/2004 12:43:18 AM [Operation] Value Report
7/30/2004 12:57:34 AM [Operation] Value Report
7/30/2004 1:56:49 AM [Operation] Value Report
7/30/2004 2:52:51 AM [Operation] Value Report
7/31/2004 12:36:35 AM [Operation] Value Report
7/31/2004 12:45:10 AM [Operation] Value Report
7/31/2004 12:57:15 AM [Operation] Value Report
7/31/2004 1:50:19 AM [Operation] Value Report
7/31/2004 3:03:15 AM [Operation] Value Report
7/31/2004 2:09:16 PM [Operation] Value Report
7/31/2004 3:18:41 PM [Operation] Value Report
8/1/2004 12:40:14 AM [Operation] Value Report
8/1/2004 12:49:02 AM [Operation] Value Report
8/1/2004 1:03:12 AM [Operation] Value Report
8/1/2004 1:35:47 AM [Operation] Value Report
8/1/2004 2:39:11 AM [Operation] Value Report
8/1/2004 2:25:56 PM [Operation] Value Report
8/1/2004 3:13:57 PM [Operation] Value Report
8/2/2004 7:43:34 AM [Operation] Value Report
8/2/2004 7:58:40 AM [Operation] Value Report
8/2/2004 8:14:16 AM [Operation] Value Report
8/2/2004 8:41:00 AM [Operation] Value Report
8/2/2004 9:27:18 AM [Operation] Value Report
8/2/2004 1:37:02 PM [Operation] Value Report
8/2/2004 2:10:23 PM [Operation] Value Report
8/3/2004 12:44:37 AM [Operation] Value Report
8/3/2004 12:58:37 AM [Operation] Value Report
8/3/2004 1:21:23 AM [Operation] Value Report
8/3/2004 1:39:29 AM [Operation] Value Report
8/3/2004 2:08:58 AM [Operation] Value Report
8/3/2004 10:57:27 AM [Operation] Value Report
5/31/2005 12:20:05 PM [Operation] Created d:\RatingsReports\PdfWagerReport\YouBetByTimeValue0603.pdf
5/31/2005 12:20:06 PM [Operation] Created d:\RatingsReports\PdfWagerReport\WagerByTimeValue0603.pdf
5/31/2005 12:20:06 PM [Operation] Created d:\RatingsReports\PdfWagerReport\YouBetByTrkCodeValue0603.pdf
5/31/2005 12:47:43 PM [Operation] Created d:\RatingsReports\PdfWagerReport\YouBetByTimeValue0602.pdf
5/31/2005 12:47:43 PM [Operation] Created d:\RatingsReports\PdfWagerReport\WagerByTimeValue0602.pdf
5/31/2005 12:47:43 PM [Operation] Created d:\RatingsReports\PdfWagerReport\YouBetByTrkCodeValue0602.pdf
5/31/2005 1:19:39 PM [Operation] Created d:\RatingsReports\PdfWagerReport\YouBetByTimeValue0601.pdf
5/31/2005 1:19:39 PM [Operation] Created d:\RatingsReports\PdfWagerReport\WagerByTimeValue0601.pdf
5/31/2005 1:19:39 PM [Operation] Created d:\RatingsReports\PdfWagerReport\YouBetByTrkCodeValue0601.pdf
5/31/2005 1:53:16 PM [Operation] Created d:\RatingsReports\PdfWagerReport\YouBetByTimeValue0531.pdf
5/31/2005 1:53:16 PM [Operation] Created d:\RatingsReports\PdfWagerReport\WagerByTimeValue0531.pdf
5/31/2005 1:53:16 PM [Operation] Created d:\RatingsReports\PdfWagerReport\YouBetByTrkCodeValue0531.pdf
5/31/2005 2:16:22 PM [Operation]  (FinalWinPctRank=1)  
5/31/2005 2:17:03 PM [Operation] ( ( (IsDollar=True) or (IsDoubleDollar=True) or (IsTripleLiner=True) or (IsFrontDoubleLiner=True) ) and (IsYouBetTrack=True) and ( (IsAngleSheetSelected=True) ) ) 
5/31/2005 2:17:13 PM [Operation] 
5/31/2005 2:21:49 PM [Operation]  (FinalWinPctRank=1) and (IsYouBetTrack=True)
5/31/2005 2:22:25 PM [Operation]  (FinalWinPctRank=1) and (IsYouBetTrack=True)
5/31/2005 2:22:57 PM [Operation] (IsFavorite=True) and (IsYouBetTrack=True)
5/31/2005 2:23:31 PM [Operation] ( ( (IsDollar=True) or (IsDoubleDollar=True) or (IsTripleLiner=True) or (IsFrontDoubleLiner=True) ) and (IsYouBetTrack=True) and ( (IsAngleSheetSelected=True) ) ) 
5/31/2005 2:24:09 PM [Operation] 
5/31/2005 2:48:41 PM [Operation]  (FinalWinPctRank=1) and (IsYouBetTrack=True)
5/31/2005 2:51:41 PM [Operation]  (FinalWinPctRank=1) and (IsYouBetTrack=True)
5/31/2005 2:54:18 PM [Operation] (IsFavorite=True) and (IsYouBetTrack=True)
5/31/2005 2:57:02 PM [Operation] 
5/31/2005 3:01:38 PM [Operation]  (FinalWinPctRank=1) and (IsPrintedOnValueSheet=True)
5/31/2005 3:02:02 PM [Operation]  (FinalWinPctRank=1) and (IsPrintedOnValueSheet=True)
5/31/2005 3:02:23 PM [Operation] (IsFavorite=True) and (IsPrintedOnValueSheet=True)
5/31/2005 3:02:45 PM [Operation] 
5/31/2005 3:27:00 PM [Operation] 
6/1/2005 1:35:34 AM [Operation] Created d:\RatingsReports\PdfWagerReport\YouBetByTimeValue0604.pdf
6/1/2005 1:35:34 AM [Operation] Created d:\RatingsReports\PdfWagerReport\WagerByTimeValue0604.pdf
6/1/2005 1:35:35 AM [Operation] Created d:\RatingsReports\PdfWagerReport\YouBetByTrkCodeValue0604.pdf
6/1/2005 2:09:28 AM [Operation] Created d:\RatingsReports\PdfWagerReport\YouBetByTimeValue0603.pdf
6/1/2005 2:09:28 AM [Operation] Created d:\RatingsReports\PdfWagerReport\WagerByTimeValue0603.pdf
6/1/2005 2:09:29 AM [Operation] Created d:\RatingsReports\PdfWagerReport\YouBetByTrkCodeValue0603.pdf
6/1/2005 2:53:58 AM [Operation] Created d:\RatingsReports\PdfWagerReport\YouBetByTimeValue0602.pdf
6/1/2005 2:53:59 AM [Operation] Created d:\RatingsReports\PdfWagerReport\WagerByTimeValue0602.pdf
6/1/2005 2:53:59 AM [Operation] Created d:\RatingsReports\PdfWagerReport\YouBetByTrkCodeValue0602.pdf
6/1/2005 3:43:24 AM [Operation] Created d:\RatingsReports\PdfWagerReport\YouBetByTimeValue0601.pdf
6/1/2005 3:43:24 AM [Operation] Created d:\RatingsReports\PdfWagerReport\WagerByTimeValue0601.pdf
6/1/2005 3:43:25 AM [Operation] Created d:\RatingsReports\PdfWagerReport\YouBetByTrkCodeValue0601.pdf
6/1/2005 4:05:18 AM [Operation]  (FinalWinPctRank=1)  
6/1/2005 4:06:04 AM [Operation] ( ( (IsDollar=True) or (IsDoubleDollar=True) or (IsTripleLiner=True) or (IsFrontDoubleLiner=True) ) and (IsYouBetTrack=True) and ( (IsAngleSheetSelected=True) ) ) 
6/1/2005 4:06:09 AM [Operation] 
6/1/2005 4:08:06 AM [Operation]  (FinalWinPctRank=1) and (IsYouBetTrack=True)
6/1/2005 4:08:20 AM [Operation]  (FinalWinPctRank=1) and (IsYouBetTrack=True)
6/1/2005 4:08:33 AM [Operation] (IsFavorite=True) and (IsYouBetTrack=True)
6/1/2005 4:08:48 AM [Operation] ( ( (IsDollar=True) or (IsDoubleDollar=True) or (IsTripleLiner=True) or (IsFrontDoubleLiner=True) ) and (IsYouBetTrack=True) and ( (IsAngleSheetSelected=True) ) ) 
6/1/2005 4:09:32 AM [Operation] 
6/1/2005 4:36:19 AM [Operation]  (FinalWinPctRank=1) and (IsYouBetTrack=True)
6/1/2005 4:39:38 AM [Operation]  (FinalWinPctRank=1) and (IsYouBetTrack=True)
6/1/2005 4:42:34 AM [Operation] (IsFavorite=True) and (IsYouBetTrack=True)
6/1/2005 4:45:37 AM [Operation] 
6/1/2005 4:47:27 AM [Operation]  (FinalWinPctRank=1) and (IsPrintedOnValueSheet=True)
6/1/2005 4:47:44 AM [Operation]  (FinalWinPctRank=1) and (IsPrintedOnValueSheet=True)
6/1/2005 4:47:59 AM [Operation] (IsFavorite=True) and (IsPrintedOnValueSheet=True)
6/1/2005 4:48:17 AM [Operation] 
6/1/2005 5:15:17 AM [Operation] 
6/1/2005 2:36:20 PM [Operation] Created d:\RatingsReports\PdfWagerReport\YouBetByTimeValue0602.pdf
6/1/2005 2:36:21 PM [Operation] Created d:\RatingsReports\PdfWagerReport\WagerByTimeValue0602.pdf
6/1/2005 2:36:21 PM [Operation] Created d:\RatingsReports\PdfWagerReport\YouBetByTrkCodeValue0602.pdf
6/2/2005 1:26:46 AM [Operation] Created d:\RatingsReports\PdfWagerReport\YouBetByTimeValue0605.pdf
6/2/2005 1:26:46 AM [Operation] Created d:\RatingsReports\PdfWagerReport\WagerByTimeValue0605.pdf
6/2/2005 1:26:46 AM [Operation] Created d:\RatingsReports\PdfWagerReport\YouBetByTrkCodeValue0605.pdf
6/2/2005 1:51:18 AM [Operation] Created d:\RatingsReports\PdfWagerReport\YouBetByTimeValue0604.pdf
6/2/2005 1:51:18 AM [Operation] Created d:\RatingsReports\PdfWagerReport\WagerByTimeValue0604.pdf
6/2/2005 1:51:19 AM [Operation] Created d:\RatingsReports\PdfWagerReport\YouBetByTrkCodeValue0604.pdf
6/2/2005 2:59:48 AM [Operation] Created d:\RatingsReports\PdfWagerReport\YouBetByTimeValue0603.pdf
6/2/2005 2:59:49 AM [Operation] Created d:\RatingsReports\PdfWagerReport\WagerByTimeValue0603.pdf
6/2/2005 2:59:49 AM [Operation] Created d:\RatingsReports\PdfWagerReport\YouBetByTrkCodeValue0603.pdf
6/2/2005 4:03:47 AM [Operation] Created d:\RatingsReports\PdfWagerReport\YouBetByTimeValue0602.pdf
6/2/2005 4:03:48 AM [Operation] Created d:\RatingsReports\PdfWagerReport\WagerByTimeValue0602.pdf
6/2/2005 4:03:49 AM [Operation] Created d:\RatingsReports\PdfWagerReport\YouBetByTrkCodeValue0602.pdf
6/2/2005 4:27:20 AM [Operation]  (FinalWinPctRank=1)  
6/2/2005 4:28:00 AM [Operation] ( ( (IsDollar=True) or (IsDoubleDollar=True) or (IsTripleLiner=True) or (IsFrontDoubleLiner=True) ) and (IsYouBetTrack=True) and ( (IsAngleSheetSelected=True) ) ) 
6/2/2005 4:28:07 AM [Operation] 
6/2/2005 4:30:07 AM [Operation]  (FinalWinPctRank=1) and (IsYouBetTrack=True)
6/2/2005 4:30:24 AM [Operation]  (FinalWinPctRank=1) and (IsYouBetTrack=True)
6/2/2005 4:30:40 AM [Operation] (IsFavorite=True) and (IsYouBetTrack=True)
6/2/2005 4:30:58 AM [Operation] ( ( (IsDollar=True) or (IsDoubleDollar=True) or (IsTripleLiner=True) or (IsFrontDoubleLiner=True) ) and (IsYouBetTrack=True) and ( (IsAngleSheetSelected=True) ) ) 
6/2/2005 4:31:42 AM [Operation] 
6/2/2005 4:58:52 AM [Operation]  (FinalWinPctRank=1) and (IsYouBetTrack=True)
6/2/2005 5:02:18 AM [Operation]  (FinalWinPctRank=1) and (IsYouBetTrack=True)
6/2/2005 5:05:14 AM [Operation] (IsFavorite=True) and (IsYouBetTrack=True)
6/2/2005 5:08:19 AM [Operation] 
6/2/2005 5:10:17 AM [Operation]  (FinalWinPctRank=1) and (IsPrintedOnValueSheet=True)
6/2/2005 5:10:27 AM [Operation]  (FinalWinPctRank=1) and (IsPrintedOnValueSheet=True)
6/2/2005 5:10:36 AM [Operation] (IsFavorite=True) and (IsPrintedOnValueSheet=True)
6/2/2005 5:10:46 AM [Operation] 
6/2/2005 5:37:54 AM [Operation] 
6/2/2005 2:18:59 PM [Operation] Created d:\RatingsReports\PdfWagerReport\YouBetByTimeValue0603.pdf
6/2/2005 2:18:59 PM [Operation] Created d:\RatingsReports\PdfWagerReport\WagerByTimeValue0603.pdf
6/2/2005 2:19:00 PM [Operation] Created d:\RatingsReports\PdfWagerReport\YouBetByTrkCodeValue0603.pdf
6/3/2005 1:29:14 AM [Operation] Created d:\RatingsReports\PdfWagerReport\YouBetByTimeValue0606.pdf
6/3/2005 1:29:14 AM [Operation] Created d:\RatingsReports\PdfWagerReport\WagerByTimeValue0606.pdf
6/3/2005 1:29:15 AM [Operation] Created d:\RatingsReports\PdfWagerReport\YouBetByTrkCodeValue0606.pdf
6/3/2005 1:51:11 AM [Operation] Created d:\RatingsReports\PdfWagerReport\YouBetByTimeValue0605.pdf
6/3/2005 1:51:11 AM [Operation] Created d:\RatingsReports\PdfWagerReport\WagerByTimeValue0605.pdf
6/3/2005 1:51:12 AM [Operation] Created d:\RatingsReports\PdfWagerReport\YouBetByTrkCodeValue0605.pdf
6/3/2005 3:19:54 AM [Operation] Created d:\RatingsReports\PdfWagerReport\YouBetByTimeValue0604.pdf
6/3/2005 3:19:55 AM [Operation] Created d:\RatingsReports\PdfWagerReport\WagerByTimeValue0604.pdf
6/3/2005 3:19:56 AM [Operation] Created d:\RatingsReports\PdfWagerReport\YouBetByTrkCodeValue0604.pdf
6/3/2005 5:00:41 AM [Operation] Created d:\RatingsReports\PdfWagerReport\YouBetByTimeValue0603.pdf
6/3/2005 5:00:42 AM [Operation] Created d:\RatingsReports\PdfWagerReport\WagerByTimeValue0603.pdf
6/3/2005 5:00:43 AM [Operation] Created d:\RatingsReports\PdfWagerReport\YouBetByTrkCodeValue0603.pdf
6/3/2005 5:26:49 AM [Operation]  (FinalWinPctRank=1)  
6/3/2005 5:27:31 AM [Operation] ( ( (IsDollar=True) or (IsDoubleDollar=True) or (IsTripleLiner=True) or (IsFrontDoubleLiner=True) ) and (IsYouBetTrack=True) and ( (IsAngleSheetSelected=True) ) ) 
6/3/2005 5:27:37 AM [Operation] 
6/3/2005 5:30:31 AM [Operation]  (FinalWinPctRank=1) and (IsYouBetTrack=True)
6/3/2005 5:30:55 AM [Operation]  (FinalWinPctRank=1) and (IsYouBetTrack=True)
6/3/2005 5:31:17 AM [Operation] (IsFavorite=True) and (IsYouBetTrack=True)
6/3/2005 5:31:41 AM [Operation] ( ( (IsDollar=True) or (IsDoubleDollar=True) or (IsTripleLiner=True) or (IsFrontDoubleLiner=True) ) and (IsYouBetTrack=True) and ( (IsAngleSheetSelected=True) ) ) 
6/3/2005 5:32:25 AM [Operation] 
6/3/2005 2:37:49 PM [Operation] Created d:\RatingsReports\PdfWagerReport\YouBetByTimeValue0604.pdf
6/3/2005 2:37:50 PM [Operation] Created d:\RatingsReports\PdfWagerReport\WagerByTimeValue0604.pdf
6/3/2005 2:37:51 PM [Operation] Created d:\RatingsReports\PdfWagerReport\YouBetByTrkCodeValue0604.pdf
6/4/2005 1:26:47 AM [Operation] Created d:\RatingsReports\PdfWagerReport\YouBetByTimeValue1230.pdf
6/4/2005 1:26:47 AM [Operation] Created d:\RatingsReports\PdfWagerReport\WagerByTimeValue1230.pdf
6/4/2005 1:26:47 AM [Operation] Created d:\RatingsReports\PdfWagerReport\YouBetByTrkCodeValue1230.pdf
6/4/2005 1:42:24 AM [Operation] Created d:\RatingsReports\PdfWagerReport\YouBetByTimeValue0606.pdf
6/4/2005 1:42:24 AM [Operation] Created d:\RatingsReports\PdfWagerReport\WagerByTimeValue0606.pdf
6/4/2005 1:42:25 AM [Operation] Created d:\RatingsReports\PdfWagerReport\YouBetByTrkCodeValue0606.pdf
6/4/2005 2:53:11 AM [Operation] Created d:\RatingsReports\PdfWagerReport\YouBetByTimeValue0605.pdf
6/4/2005 2:53:11 AM [Operation] Created d:\RatingsReports\PdfWagerReport\WagerByTimeValue0605.pdf
6/4/2005 2:53:12 AM [Operation] Created d:\RatingsReports\PdfWagerReport\YouBetByTrkCodeValue0605.pdf
6/4/2005 5:23:27 AM [Operation] Created d:\RatingsReports\PdfWagerReport\YouBetByTimeValue0604.pdf
6/4/2005 5:26:27 AM [Operation] Created d:\RatingsReports\PdfWagerReport\WagerByTimeValue0604.pdf
6/4/2005 5:29:49 AM [Operation] Created d:\RatingsReports\PdfWagerReport\YouBetByTrkCodeValue0604.pdf
6/4/2005 2:27:35 PM [Operation] Created d:\RatingsReports\PdfWagerReport\YouBetByTimeValue0605.pdf
6/4/2005 2:27:36 PM [Operation] Created d:\RatingsReports\PdfWagerReport\WagerByTimeValue0605.pdf
6/4/2005 2:27:37 PM [Operation] Created d:\RatingsReports\PdfWagerReport\YouBetByTrkCodeValue0605.pdf
6/5/2005 1:27:13 AM [Operation] Created d:\RatingsReports\PdfWagerReport\YouBetByTimeValue0608.pdf
6/5/2005 1:27:13 AM [Operation] Created d:\RatingsReports\PdfWagerReport\WagerByTimeValue0608.pdf
6/5/2005 1:27:13 AM [Operation] Created d:\RatingsReports\PdfWagerReport\YouBetByTrkCodeValue0608.pdf
6/5/2005 1:48:08 AM [Operation] Created d:\RatingsReports\PdfWagerReport\YouBetByTimeValue0607.pdf
6/5/2005 1:48:09 AM [Operation] Created d:\RatingsReports\PdfWagerReport\WagerByTimeValue0607.pdf
6/5/2005 1:48:09 AM [Operation] Created d:\RatingsReports\PdfWagerReport\YouBetByTrkCodeValue0607.pdf
6/5/2005 2:23:05 AM [Operation] Created d:\RatingsReports\PdfWagerReport\YouBetByTimeValue0606.pdf
6/5/2005 2:23:06 AM [Operation] Created d:\RatingsReports\PdfWagerReport\WagerByTimeValue0606.pdf
6/5/2005 2:23:06 AM [Operation] Created d:\RatingsReports\PdfWagerReport\YouBetByTrkCodeValue0606.pdf
6/5/2005 4:04:18 AM [Operation] Created d:\RatingsReports\PdfWagerReport\YouBetByTimeValue0605.pdf
6/5/2005 4:04:18 AM [Operation] Created d:\RatingsReports\PdfWagerReport\WagerByTimeValue0605.pdf
6/5/2005 4:04:19 AM [Operation] Created d:\RatingsReports\PdfWagerReport\YouBetByTrkCodeValue0605.pdf
6/5/2005 4:32:26 AM [Operation]  (FinalWinPctRank=1)  
6/5/2005 4:33:54 AM [Operation] ( ( (IsDollar=True) or (IsDoubleDollar=True) or (IsTripleLiner=True) or (IsFrontDoubleLiner=True) ) and (IsYouBetTrack=True) and ( (IsAngleSheetSelected=True) ) ) 
6/5/2005 4:34:03 AM [Operation] 
6/5/2005 4:38:43 AM [Operation]  (FinalWinPctRank=1) and (IsYouBetTrack=True)
6/5/2005 4:39:19 AM [Operation]  (FinalWinPctRank=1) and (IsYouBetTrack=True)
6/5/2005 4:39:52 AM [Operation] (IsFavorite=True) and (IsYouBetTrack=True)
6/5/2005 4:40:33 AM [Operation] ( ( (IsDollar=True) or (IsDoubleDollar=True) or (IsTripleLiner=True) or (IsFrontDoubleLiner=True) ) and (IsYouBetTrack=True) and ( (IsAngleSheetSelected=True) ) ) 
6/5/2005 4:41:18 AM [Operation] 
6/5/2005 5:07:24 AM [Operation]  (FinalWinPctRank=1) and (IsYouBetTrack=True)
6/5/2005 5:10:50 AM [Operation]  (FinalWinPctRank=1) and (IsYouBetTrack=True)
6/5/2005 5:13:44 AM [Operation] (IsFavorite=True) and (IsYouBetTrack=True)
6/5/2005 5:16:17 AM [Operation] 
6/5/2005 5:20:54 AM [Operation]  (FinalWinPctRank=1) and (IsPrintedOnValueSheet=True)
6/5/2005 5:21:14 AM [Operation]  (FinalWinPctRank=1) and (IsPrintedOnValueSheet=True)
6/5/2005 5:21:32 AM [Operation] (IsFavorite=True) and (IsPrintedOnValueSheet=True)
6/5/2005 5:21:52 AM [Operation] 
6/5/2005 5:48:35 AM [Operation] 
6/5/2005 2:20:46 PM [Operation] Created d:\RatingsReports\PdfWagerReport\YouBetByTimeValue0606.pdf
6/5/2005 2:20:47 PM [Operation] Created d:\RatingsReports\PdfWagerReport\WagerByTimeValue0606.pdf
6/5/2005 2:20:47 PM [Operation] Created d:\RatingsReports\PdfWagerReport\YouBetByTrkCodeValue0606.pdf
6/5/2005 2:43:20 PM [Operation] Created d:\RatingsReports\PdfWagerReport\YouBetByTimeValue0606.pdf
6/5/2005 2:43:20 PM [Operation] Created d:\RatingsReports\PdfWagerReport\WagerByTimeValue0606.pdf
6/5/2005 2:43:21 PM [Operation] Created d:\RatingsReports\PdfWagerReport\YouBetByTrkCodeValue0606.pdf
6/6/2005 9:33:57 AM [Operation] Created d:\RatingsReports\PdfWagerReport\YouBetByTimeValue0609.pdf
6/6/2005 9:33:57 AM [Operation] Created d:\RatingsReports\PdfWagerReport\WagerByTimeValue0609.pdf
6/6/2005 9:33:57 AM [Operation] Created d:\RatingsReports\PdfWagerReport\YouBetByTrkCodeValue0609.pdf
6/6/2005 10:03:05 AM [Operation] Created d:\RatingsReports\PdfWagerReport\YouBetByTimeValue0608.pdf
6/6/2005 10:03:05 AM [Operation] Created d:\RatingsReports\PdfWagerReport\WagerByTimeValue0608.pdf
6/6/2005 10:03:05 AM [Operation] Created d:\RatingsReports\PdfWagerReport\YouBetByTrkCodeValue0608.pdf
6/6/2005 10:32:28 AM [Operation] Created d:\RatingsReports\PdfWagerReport\YouBetByTimeValue0607.pdf
6/6/2005 10:32:29 AM [Operation] Created d:\RatingsReports\PdfWagerReport\WagerByTimeValue0607.pdf
6/6/2005 10:32:29 AM [Operation] Created d:\RatingsReports\PdfWagerReport\YouBetByTrkCodeValue0607.pdf
6/6/2005 11:04:05 AM [Operation] Created d:\RatingsReports\PdfWagerReport\YouBetByTimeValue0606.pdf
6/6/2005 11:04:06 AM [Operation] Created d:\RatingsReports\PdfWagerReport\WagerByTimeValue0606.pdf
6/6/2005 11:04:06 AM [Operation] Created d:\RatingsReports\PdfWagerReport\YouBetByTrkCodeValue0606.pdf
6/6/2005 11:23:25 AM [Operation]  (FinalWinPctRank=1)  
6/6/2005 11:24:16 AM [Operation] ( ( (IsDollar=True) or (IsDoubleDollar=True) or (IsTripleLiner=True) or (IsFrontDoubleLiner=True) ) and (IsYouBetTrack=True) and ( (IsAngleSheetSelected=True) ) ) 
6/6/2005 11:24:25 AM [Operation] 
6/6/2005 11:28:55 AM [Operation]  (FinalWinPctRank=1) and (IsYouBetTrack=True)
6/6/2005 11:29:31 AM [Operation]  (FinalWinPctRank=1) and (IsYouBetTrack=True)
6/6/2005 11:30:03 AM [Operation] (IsFavorite=True) and (IsYouBetTrack=True)
6/6/2005 11:30:38 AM [Operation] ( ( (IsDollar=True) or (IsDoubleDollar=True) or (IsTripleLiner=True) or (IsFrontDoubleLiner=True) ) and (IsYouBetTrack=True) and ( (IsAngleSheetSelected=True) ) ) 
6/6/2005 11:31:21 AM [Operation] 
6/6/2005 11:56:28 AM [Operation]  (FinalWinPctRank=1) and (IsYouBetTrack=True)
6/6/2005 11:59:38 AM [Operation]  (FinalWinPctRank=1) and (IsYouBetTrack=True)
6/6/2005 12:02:28 PM [Operation] (IsFavorite=True) and (IsYouBetTrack=True)
6/6/2005 12:04:54 PM [Operation] 
6/6/2005 12:09:15 PM [Operation]  (FinalWinPctRank=1) and (IsPrintedOnValueSheet=True)
6/6/2005 12:09:37 PM [Operation]  (FinalWinPctRank=1) and (IsPrintedOnValueSheet=True)
6/6/2005 12:09:57 PM [Operation] (IsFavorite=True) and (IsPrintedOnValueSheet=True)
6/6/2005 12:10:20 PM [Operation] 
6/6/2005 12:35:43 PM [Operation] 
6/6/2005 2:22:10 PM [Operation] Created d:\RatingsReports\PdfWagerReport\YouBetByTimeValue0607.pdf
6/6/2005 2:22:10 PM [Operation] Created d:\RatingsReports\PdfWagerReport\WagerByTimeValue0607.pdf
6/6/2005 2:22:11 PM [Operation] Created d:\RatingsReports\PdfWagerReport\YouBetByTrkCodeValue0607.pdf
6/6/2005 2:44:37 PM [Operation] Created d:\RatingsReports\PdfWagerReport\YouBetByTimeValue0607.pdf
6/6/2005 2:44:37 PM [Operation] Created d:\RatingsReports\PdfWagerReport\WagerByTimeValue0607.pdf
6/6/2005 2:44:38 PM [Operation] Created d:\RatingsReports\PdfWagerReport\YouBetByTrkCodeValue0607.pdf
6/7/2005 1:22:08 AM [Operation] Created d:\RatingsReports\PdfWagerReport\YouBetByTimeValue1230.pdf
6/7/2005 1:22:08 AM [Operation] Created d:\RatingsReports\PdfWagerReport\WagerByTimeValue1230.pdf
6/7/2005 1:22:08 AM [Operation] Created d:\RatingsReports\PdfWagerReport\YouBetByTrkCodeValue1230.pdf
6/7/2005 1:49:21 AM [Operation] Created d:\RatingsReports\PdfWagerReport\YouBetByTimeValue0609.pdf
6/7/2005 1:49:21 AM [Operation] Created d:\RatingsReports\PdfWagerReport\WagerByTimeValue0609.pdf
6/7/2005 1:49:22 AM [Operation] Created d:\RatingsReports\PdfWagerReport\YouBetByTrkCodeValue0609.pdf
6/7/2005 2:27:30 AM [Operation] Created d:\RatingsReports\PdfWagerReport\YouBetByTimeValue0608.pdf
6/7/2005 2:27:31 AM [Operation] Created d:\RatingsReports\PdfWagerReport\WagerByTimeValue0608.pdf
6/7/2005 2:27:31 AM [Operation] Created d:\RatingsReports\PdfWagerReport\YouBetByTrkCodeValue0608.pdf
6/7/2005 3:20:03 AM [Operation] Created d:\RatingsReports\PdfWagerReport\YouBetByTimeValue0607.pdf
6/7/2005 3:20:04 AM [Operation] Created d:\RatingsReports\PdfWagerReport\WagerByTimeValue0607.pdf
6/7/2005 3:20:04 AM [Operation] Created d:\RatingsReports\PdfWagerReport\YouBetByTrkCodeValue0607.pdf
6/7/2005 3:38:14 AM [Operation]  (FinalWinPctRank=1)  
6/7/2005 3:38:50 AM [Operation] ( ( (IsDollar=True) or (IsDoubleDollar=True) or (IsTripleLiner=True) or (IsFrontDoubleLiner=True) ) and (IsYouBetTrack=True) and ( (IsAngleSheetSelected=True) ) ) 
6/7/2005 3:38:54 AM [Operation] 
6/7/2005 3:40:38 AM [Operation]  (FinalWinPctRank=1) and (IsYouBetTrack=True)
6/7/2005 3:40:51 AM [Operation]  (FinalWinPctRank=1) and (IsYouBetTrack=True)
6/7/2005 3:41:03 AM [Operation] (IsFavorite=True) and (IsYouBetTrack=True)
6/7/2005 3:41:05 AM [Operation] ( ( (IsDollar=True) or (IsDoubleDollar=True) or (IsTripleLiner=True) or (IsFrontDoubleLiner=True) ) and (IsYouBetTrack=True) and ( (IsAngleSheetSelected=True) ) ) 
6/7/2005 3:41:59 AM [Operation] 
6/7/2005 4:06:46 AM [Operation]  (FinalWinPctRank=1) and (IsYouBetTrack=True)
6/7/2005 4:10:02 AM [Operation]  (FinalWinPctRank=1) and (IsYouBetTrack=True)
6/7/2005 4:12:47 AM [Operation] (IsFavorite=True) and (IsYouBetTrack=True)
6/7/2005 4:15:10 AM [Operation] 
6/7/2005 4:16:54 AM [Operation]  (FinalWinPctRank=1) and (IsPrintedOnValueSheet=True)
6/7/2005 4:17:09 AM [Operation]  (FinalWinPctRank=1) and (IsPrintedOnValueSheet=True)
6/7/2005 4:17:23 AM [Operation] (IsFavorite=True) and (IsPrintedOnValueSheet=True)
6/7/2005 4:17:25 AM [Operation] 
6/7/2005 4:42:50 AM [Operation] 
6/7/2005 10:48:10 AM [Operation] ( ( (IsDollar=True) or (IsDoubleDollar=True) or (IsTripleLiner=True) or (IsFrontDoubleLiner=True) ) and (IsYouBetTrack=True) and ( (IsAngleSheetSelected=True) ) ) 
6/7/2005 10:48:15 AM [Operation] 
6/7/2005 10:50:02 AM [Operation]  (FinalWinPctRank=1) and (IsYouBetTrack=True)
6/7/2005 10:50:16 AM [Operation]  (FinalWinPctRank=1) and (IsYouBetTrack=True)
6/7/2005 10:50:28 AM [Operation] (IsFavorite=True) and (IsYouBetTrack=True)
6/7/2005 10:50:42 AM [Operation] 
6/7/2005 10:52:30 AM [Operation]  (FinalWinPctRank=1) and (IsPrintedOnValueSheet=True)
6/7/2005 10:52:46 AM [Operation]  (FinalWinPctRank=1) and (IsPrintedOnValueSheet=True)
6/7/2005 10:53:01 AM [Operation] (IsFavorite=True) and (IsPrintedOnValueSheet=True)
6/7/2005 10:53:32 AM [Operation] 
6/7/2005 10:55:24 AM [Operation] 
6/7/2005 7:04:24 PM [Operation] Created d:\RatingsReports\PdfWagerReport\YouBetByTimeValue0610.pdf
6/7/2005 7:04:24 PM [Operation] Created d:\RatingsReports\PdfWagerReport\WagerByTimeValue0610.pdf
6/7/2005 7:04:24 PM [Operation] Created d:\RatingsReports\PdfWagerReport\YouBetByTrkCodeValue0610.pdf
6/7/2005 7:47:29 PM [Operation] Created d:\RatingsReports\PdfWagerReport\YouBetByTimeValue0609.pdf
6/7/2005 7:47:29 PM [Operation] Created d:\RatingsReports\PdfWagerReport\WagerByTimeValue0609.pdf
6/7/2005 7:47:30 PM [Operation] Created d:\RatingsReports\PdfWagerReport\YouBetByTrkCodeValue0609.pdf
6/7/2005 8:38:37 PM [Operation] Created d:\RatingsReports\PdfWagerReport\YouBetByTimeValue0608.pdf
6/7/2005 8:38:37 PM [Operation] Created d:\RatingsReports\PdfWagerReport\WagerByTimeValue0608.pdf
6/7/2005 8:38:38 PM [Operation] Created d:\RatingsReports\PdfWagerReport\YouBetByTrkCodeValue0608.pdf
6/7/2005 9:17:27 PM [Operation] Created d:\RatingsReports\PdfWagerReport\YouBetByTimeValue0607.pdf
6/7/2005 9:17:28 PM [Operation] Created d:\RatingsReports\PdfWagerReport\WagerByTimeValue0607.pdf
6/7/2005 9:17:28 PM [Operation] Created d:\RatingsReports\PdfWagerReport\YouBetByTrkCodeValue0607.pdf
6/7/2005 9:37:09 PM [Operation]  (FinalWinPctRank=1)  
6/7/2005 9:37:55 PM [Operation] ( ( (IsDollar=True) or (IsDoubleDollar=True) or (IsTripleLiner=True) or (IsFrontDoubleLiner=True) ) and (IsYouBetTrack=True) and ( (IsAngleSheetSelected=True) ) ) 
6/7/2005 9:37:59 PM [Operation] 
6/7/2005 9:40:01 PM [Operation]  (FinalWinPctRank=1) and (IsYouBetTrack=True)
6/7/2005 9:40:20 PM [Operation]  (FinalWinPctRank=1) and (IsYouBetTrack=True)
6/7/2005 9:40:34 PM [Operation] (IsFavorite=True) and (IsYouBetTrack=True)
6/7/2005 9:40:49 PM [Operation] ( ( (IsDollar=True) or (IsDoubleDollar=True) or (IsTripleLiner=True) or (IsFrontDoubleLiner=True) ) and (IsYouBetTrack=True) and ( (IsAngleSheetSelected=True) ) ) 
6/7/2005 9:41:50 PM [Operation] 
6/7/2005 10:10:58 PM [Operation]  (FinalWinPctRank=1) and (IsYouBetTrack=True)
6/7/2005 10:14:11 PM [Operation]  (FinalWinPctRank=1) and (IsYouBetTrack=True)
6/7/2005 10:17:18 PM [Operation] (IsFavorite=True) and (IsYouBetTrack=True)
6/7/2005 10:20:39 PM [Operation] 
6/7/2005 10:22:26 PM [Operation]  (FinalWinPctRank=1) and (IsPrintedOnValueSheet=True)
6/7/2005 10:22:42 PM [Operation]  (FinalWinPctRank=1) and (IsPrintedOnValueSheet=True)
6/7/2005 10:22:57 PM [Operation] (IsFavorite=True) and (IsPrintedOnValueSheet=True)
6/7/2005 10:23:13 PM [Operation] 
6/8/2005 1:37:46 AM [Operation] Created d:\RatingsReports\PdfWagerReport\YouBetByTimeValue0611.pdf
6/8/2005 1:37:46 AM [Operation] Created d:\RatingsReports\PdfWagerReport\WagerByTimeValue0611.pdf
6/8/2005 1:37:46 AM [Operation] Created d:\RatingsReports\PdfWagerReport\YouBetByTrkCodeValue0611.pdf
6/8/2005 2:03:15 AM [Operation] Created d:\RatingsReports\PdfWagerReport\YouBetByTimeValue0610.pdf
6/8/2005 2:03:15 AM [Operation] Created d:\RatingsReports\PdfWagerReport\WagerByTimeValue0610.pdf
6/8/2005 2:03:15 AM [Operation] Created d:\RatingsReports\PdfWagerReport\YouBetByTrkCodeValue0610.pdf
6/8/2005 2:54:39 AM [Operation] Created d:\RatingsReports\PdfWagerReport\YouBetByTimeValue0609.pdf
6/8/2005 2:54:39 AM [Operation] Created d:\RatingsReports\PdfWagerReport\WagerByTimeValue0609.pdf
6/8/2005 2:54:39 AM [Operation] Created d:\RatingsReports\PdfWagerReport\YouBetByTrkCodeValue0609.pdf
6/8/2005 3:45:34 AM [Operation] Created d:\RatingsReports\PdfWagerReport\YouBetByTimeValue0608.pdf
6/8/2005 3:45:34 AM [Operation] Created d:\RatingsReports\PdfWagerReport\WagerByTimeValue0608.pdf
6/8/2005 3:45:35 AM [Operation] Created d:\RatingsReports\PdfWagerReport\YouBetByTrkCodeValue0608.pdf
6/8/2005 4:05:17 AM [Operation]  (FinalWinPctRank=1)  
6/8/2005 4:05:56 AM [Operation] ( ( (IsDollar=True) or (IsDoubleDollar=True) or (IsTripleLiner=True) or (IsFrontDoubleLiner=True) ) and (IsYouBetTrack=True) and ( (IsAngleSheetSelected=True) ) ) 
6/8/2005 4:06:02 AM [Operation] 
6/8/2005 4:08:12 AM [Operation]  (FinalWinPctRank=1) and (IsYouBetTrack=True)
6/8/2005 4:08:27 AM [Operation]  (FinalWinPctRank=1) and (IsYouBetTrack=True)
6/8/2005 4:08:41 AM [Operation] (IsFavorite=True) and (IsYouBetTrack=True)
6/8/2005 4:08:58 AM [Operation] ( ( (IsDollar=True) or (IsDoubleDollar=True) or (IsTripleLiner=True) or (IsFrontDoubleLiner=True) ) and (IsYouBetTrack=True) and ( (IsAngleSheetSelected=True) ) ) 
6/8/2005 4:09:34 AM [Operation] 
6/8/2005 4:31:23 AM [Operation]  (FinalWinPctRank=1) and (IsYouBetTrack=True)
6/8/2005 4:34:09 AM [Operation]  (FinalWinPctRank=1) and (IsYouBetTrack=True)
6/8/2005 4:36:36 AM [Operation] (IsFavorite=True) and (IsYouBetTrack=True)
6/8/2005 4:39:10 AM [Operation] 
6/8/2005 4:41:18 AM [Operation]  (FinalWinPctRank=1) and (IsPrintedOnValueSheet=True)
6/8/2005 4:41:37 AM [Operation]  (FinalWinPctRank=1) and (IsPrintedOnValueSheet=True)
6/8/2005 4:41:54 AM [Operation] (IsFavorite=True) and (IsPrintedOnValueSheet=True)
6/8/2005 4:42:13 AM [Operation] 
6/8/2005 4:44:26 AM [Operation] 
6/9/2005 4:13:39 AM [Operation]  (FinalWinPctRank=1)  
6/10/2005 4:52:42 AM [Operation]  (FinalWinPctRank=1)  
6/11/2005 5:08:22 AM [Operation]  (FinalWinPctRank=1)  
6/12/2005 4:11:00 AM [Operation]  (FinalWinPctRank=1)  
6/13/2005 3:16:00 AM [Operation]  (FinalWinPctRank=1)  
6/14/2005 3:10:40 AM [Operation]  (FinalWinPctRank=1)  
