11/12/2017 3:01:40 PM [Exception] Access violation at address 00C69F48 in module 'ratings31.exe'. Read of address 00000000
11/12/2017 4:01:40 PM [Exception] Access violation at address 00C69F48 in module 'ratings31.exe'. Read of address 00000000
11/12/2017 5:01:40 PM [Exception] Access violation at address 00C69F48 in module 'ratings31.exe'. Read of address 00000000
11/12/2017 6:01:40 PM [Exception] Access violation at address 00C69F48 in module 'ratings31.exe'. Read of address 00000000
11/12/2017 6:46:22 PM [Operation] ProcessTodays
11/12/2017 6:46:22 PM [Operation] Start Of Day : 11/12/2017
11/12/2017 6:46:22 PM [Operation] Import Todays HDW For History 
11/12/2017 6:46:26 PM [Operation] Import Todays TSN For History 
11/12/2017 6:46:28 PM [Operation] btnDownloadTsnResults
11/12/2017 6:48:03 PM [Operation] Create_FO_PK_SK_DK_Keys
11/12/2017 6:54:31 PM [Operation] Create_FO_PK_SK_DK_Keys
11/12/2017 7:00:10 PM [Operation] Create_FO_PK_SK_DK_Keys
11/12/2017 7:02:23 PM [Operation] Create_FO_PK_SK_DK_Keys
11/12/2017 7:03:01 PM [Operation] Create_FO_FK_Keys
11/12/2017 7:03:48 PM [Operation] Create_FO_PK_SK_DK_Keys
11/12/2017 7:04:12 PM [Operation] Create_FO_FK_Keys
11/12/2017 7:30:43 PM [Operation] Create_FO_PK_SK_DK_Keys
11/12/2017 7:31:04 PM [Operation] Create_FO_FK_Keys
11/12/2017 7:36:30 PM [Operation] Create_FO_PK_SK_DK_Keys
11/12/2017 7:38:05 PM [Operation] Start Of Day : 11/12/2017
11/12/2017 7:38:17 PM [Operation] Create_FO_FK_Keys
11/12/2017 7:52:25 PM [Operation] Import TSN XRD Results 
11/12/2017 7:52:54 PM [Operation] Import TSN XRD Results 
11/12/2017 7:54:10 PM [Operation] Import TSN XRD Results 
11/12/2017 7:57:13 PM [Operation] Import TSN XRD Results 
11/12/2017 7:57:48 PM [Operation] Import TSN XRD Results 
11/12/2017 8:03:12 PM [Operation] Import TSN XRD Results 
11/12/2017 8:03:38 PM [Operation] Import TSN XRD Results 
11/12/2017 8:04:25 PM [Operation] Import TSN XRD Results 
11/12/2017 8:10:17 PM [Operation] Import TSN XRD Results 
11/12/2017 8:11:11 PM [Operation] Import TSN XRD Results 
11/12/2017 8:16:19 PM [Operation] Import TSN XRD Results 
11/12/2017 8:17:09 PM [Operation] Import TSN XRD Results 
11/12/2017 8:25:29 PM [Operation] Create_FO_PK_SK_DK_Keys
11/12/2017 8:25:43 PM [Operation] Create_FO_PK_SK_DK_Keys
11/12/2017 8:32:03 PM [Operation] Create_FO_PK_SK_DK_Keys
11/13/2017 7:01:40 PM [Exception] Access violation at address 00C69F48 in module 'ratings31.exe'. Read of address 00000000
11/20/2017 9:01:40 PM [Exception] Access violation at address 00C69F48 in module 'ratings31.exe'. Read of address 00000000
11/21/2017 10:31:40 AM [Exception] Access violation at address 00C69F48 in module 'Ratings31.exe'. Read of address 00000000
11/22/2017 3:01:40 PM [Exception] Access violation at address 00C69F48 in module 'ratings31.exe'. Read of address 00000000
11/22/2017 4:01:42 PM [Exception] Access violation at address 00C69F48 in module 'ratings31.exe'. Read of address 00000000
11/22/2017 5:01:40 PM [Exception] Access violation at address 00C6A0B8 in module 'ratings31.exe'. Read of address 00000000
11/22/2017 6:01:40 PM [Exception] Access violation at address 00C6A0B8 in module 'ratings31.exe'. Read of address 00000000
11/22/2017 7:01:40 PM [Exception] Access violation at address 00C6A0B8 in module 'ratings31.exe'. Read of address 00000000
11/22/2017 8:01:40 PM [Exception] Access violation at address 00C6A0B8 in module 'ratings31.exe'. Read of address 00000000
