3/9/2017 2:31:26 PM [Operation] Process TSN MultiCaps _ C:\HDWDOWNLOAD\JCP\CTX0309.JCP
3/9/2017 2:31:29 PM [Operation] Process TSN ProCaps - C:\HDWDOWNLOAD\JCP\CTX0309.JCP
3/9/2017 2:31:29 PM [Operation] Process TSN MultiCaps _ C:\HDWDOWNLOAD\JCP\DED0309.JCP
3/9/2017 2:31:55 PM [Operation] Process TSN ProCaps - C:\HDWDOWNLOAD\JCP\DED0309.JCP
3/9/2017 2:32:00 PM [Operation] Process TSN MultiCaps _ C:\HDWDOWNLOAD\JCP\FGX0309.JCP
3/9/2017 2:34:32 PM [Operation] Process TSN MultiCaps _ C:\HDWDOWNLOAD\JCP\CTX0309.JCP
3/9/2017 2:34:41 PM [Operation] Process TSN ProCaps - C:\HDWDOWNLOAD\JCP\CTX0309.JCP
3/9/2017 2:34:43 PM [Operation] Process TSN MultiCaps _ C:\HDWDOWNLOAD\JCP\DED0309.JCP
3/9/2017 2:34:47 PM [Operation] Process TSN ProCaps - C:\HDWDOWNLOAD\JCP\DED0309.JCP
3/9/2017 2:34:49 PM [Operation] Process TSN MultiCaps _ C:\HDWDOWNLOAD\JCP\FGX0309.JCP
3/9/2017 2:34:52 PM [Operation] Process TSN ProCaps - C:\HDWDOWNLOAD\JCP\FGX0309.JCP
3/9/2017 2:34:55 PM [Operation] Process TSN MultiCaps _ C:\HDWDOWNLOAD\JCP\GGX0309.JCP
3/9/2017 2:34:57 PM [Operation] Process TSN ProCaps - C:\HDWDOWNLOAD\JCP\GGX0309.JCP
3/9/2017 2:34:59 PM [Operation] Process TSN MultiCaps _ C:\HDWDOWNLOAD\JCP\GPX0309.JCP
3/9/2017 2:35:02 PM [Operation] Process TSN ProCaps - C:\HDWDOWNLOAD\JCP\GPX0309.JCP
3/9/2017 2:35:05 PM [Operation] Process TSN MultiCaps _ C:\HDWDOWNLOAD\JCP\OPX0309.JCP
3/9/2017 2:35:07 PM [Operation] Process TSN ProCaps - C:\HDWDOWNLOAD\JCP\OPX0309.JCP
3/9/2017 2:35:10 PM [Operation] Process TSN MultiCaps _ C:\HDWDOWNLOAD\JCP\PEN0309.JCP
3/9/2017 2:35:12 PM [Operation] Process TSN ProCaps - C:\HDWDOWNLOAD\JCP\PEN0309.JCP
3/9/2017 2:35:14 PM [Operation] Process TSN MultiCaps _ C:\HDWDOWNLOAD\JCP\SAX0309.JCP
3/9/2017 2:35:16 PM [Operation] Process TSN ProCaps - C:\HDWDOWNLOAD\JCP\SAX0309.JCP
3/9/2017 2:35:18 PM [Operation] Process TSN MultiCaps _ C:\HDWDOWNLOAD\JCP\TPX0309.JCP
3/9/2017 2:35:21 PM [Operation] Process TSN ProCaps - C:\HDWDOWNLOAD\JCP\TPX0309.JCP
3/9/2017 2:35:25 PM [Operation] DeleteNonContenders
3/9/2017 2:35:25 PM [Operation] Import Todays TSN Changes 
3/9/2017 2:35:26 PM [Operation] BRAVO ROMEO
3/9/2017 2:35:26 PM [Operation] PEACEADAACTION
3/9/2017 2:35:26 PM [Operation] HAVE YOU EVER
3/9/2017 2:35:26 PM [Operation] ROAD TO LOVE
3/9/2017 2:35:26 PM [Operation] GUYANA PRESIDENT
3/9/2017 2:35:26 PM [Operation] MIGHTYLOVER
3/9/2017 2:35:26 PM [Operation] DIGITAL JOE
3/9/2017 2:35:26 PM [Operation] SWEET PENNY
3/9/2017 2:35:26 PM [Operation] CRESCENT SHORE
3/9/2017 2:35:26 PM [Operation] THE VIN MAN
3/9/2017 2:35:26 PM [Operation] WILDLEE SPECIAL
3/9/2017 2:35:26 PM [Operation] WADI SUKI
3/9/2017 2:35:26 PM [Operation] BRAVO ROMEO
3/9/2017 2:35:26 PM [Operation] PEACEADAACTION
3/9/2017 2:35:26 PM [Operation] HAVE YOU EVER
3/9/2017 2:35:26 PM [Operation] ROAD TO LOVE
3/9/2017 2:35:26 PM [Operation] GUYANA PRESIDENT
3/9/2017 2:35:26 PM [Operation] MIGHTYLOVER
3/9/2017 2:35:26 PM [Operation] DIGITAL JOE
3/9/2017 2:35:26 PM [Operation] SWEET PENNY
3/9/2017 2:35:26 PM [Operation] CRESCENT SHORE
3/9/2017 2:35:26 PM [Operation] THE VIN MAN
3/9/2017 2:35:26 PM [Operation] WILDLEE SPECIAL
3/9/2017 2:35:26 PM [Operation] WADI SUKI
3/9/2017 2:35:26 PM [Operation] NUTTY WIZARD
3/9/2017 2:35:26 PM [Operation] SHOT GUN MARTY
3/9/2017 2:35:26 PM [Operation] MO'S BRO
3/9/2017 2:35:26 PM [Operation] VALID VENTURE
3/9/2017 2:35:26 PM [Operation] OUR SECOND SLEW
3/9/2017 2:35:26 PM [Operation] SISTER SELECT
3/9/2017 2:35:26 PM [Operation] NUTTY WIZARD
3/9/2017 2:35:26 PM [Operation] SHOT GUN MARTY
3/9/2017 2:35:26 PM [Operation] MO'S BRO
3/9/2017 2:35:26 PM [Operation] VALID VENTURE
3/9/2017 2:35:26 PM [Operation] OUR SECOND SLEW
3/9/2017 2:35:26 PM [Operation] SISTER SELECT
3/9/2017 2:35:26 PM [Operation] NUTTY WIZARD
3/9/2017 2:35:26 PM [Operation] SHOT GUN MARTY
3/9/2017 2:35:26 PM [Operation] MO'S BRO
3/9/2017 2:35:26 PM [Operation] VALID VENTURE
3/9/2017 2:35:26 PM [Operation] OUR SECOND SLEW
3/9/2017 2:35:26 PM [Operation] SISTER SELECT
3/9/2017 2:35:26 PM [Operation] NUTTY WIZARD
3/9/2017 2:35:26 PM [Operation] SHOT GUN MARTY
3/9/2017 2:35:26 PM [Operation] MO'S BRO
3/9/2017 2:35:26 PM [Operation] VALID VENTURE
3/9/2017 2:35:26 PM [Operation] OUR SECOND SLEW
3/9/2017 2:35:26 PM [Operation] SISTER SELECT
3/9/2017 2:35:26 PM [Operation] ORMA SHARP
3/9/2017 2:35:26 PM [Operation] NUTTY WIZARD
3/9/2017 2:35:26 PM [Operation] SHOT GUN MARTY
3/9/2017 2:35:26 PM [Operation] MO'S BRO
3/9/2017 2:35:26 PM [Operation] VALID VENTURE
3/9/2017 2:35:26 PM [Operation] OUR SECOND SLEW
3/9/2017 2:35:26 PM [Operation] SISTER SELECT
3/9/2017 2:35:26 PM [Operation] LAKE G P
3/9/2017 2:35:26 PM [Operation] TIME TO REIGN
3/9/2017 2:35:26 PM [Operation] LUBAVA
3/9/2017 2:35:26 PM [Operation] RILEY'S VOO DOO
3/9/2017 2:35:26 PM [Operation] IMONONE
3/9/2017 2:35:26 PM [Operation] FINEST VELVET
3/9/2017 2:35:26 PM [Operation] EEPOPPORKAHAH
3/9/2017 2:35:26 PM [Operation] TWO JETS WILD
3/9/2017 2:35:26 PM [Operation] RAIL'S GENUINE BOY
3/9/2017 2:35:26 PM [Operation] LAKE G P
3/9/2017 2:35:26 PM [Operation] TIME TO REIGN
3/9/2017 2:35:26 PM [Operation] LUBAVA
3/9/2017 2:35:26 PM [Operation] RILEY'S VOO DOO
3/9/2017 2:35:26 PM [Operation] IMONONE
3/9/2017 2:35:26 PM [Operation] SOUTHERN SHOT
3/9/2017 2:35:26 PM [Operation] FINEST VELVET
3/9/2017 2:35:26 PM [Operation] EEPOPPORKAHAH
3/9/2017 2:35:26 PM [Operation] CARMEN'S MYSTERY
3/9/2017 2:35:26 PM [Operation] ANOTHER NITTY
3/9/2017 2:35:26 PM [Operation] TWO JETS WILD
3/9/2017 2:35:26 PM [Operation] RAIL'S GENUINE BOY
3/9/2017 2:35:26 PM [Operation] LAKE G P
3/9/2017 2:35:26 PM [Operation] TIME TO REIGN
3/9/2017 2:35:26 PM [Operation] LUBAVA
3/9/2017 2:35:26 PM [Operation] RILEY'S VOO DOO
3/9/2017 2:35:26 PM [Operation] IMONONE
3/9/2017 2:35:26 PM [Operation] SOUTHERN SHOT
3/9/2017 2:35:26 PM [Operation] FINEST VELVET
3/9/2017 2:35:26 PM [Operation] EEPOPPORKAHAH
3/9/2017 2:35:26 PM [Operation] CARMEN'S MYSTERY
3/9/2017 2:35:26 PM [Operation] ANOTHER NITTY
3/9/2017 2:35:26 PM [Operation] TWO JETS WILD
3/9/2017 2:35:26 PM [Operation] RAIL'S GENUINE BOY
3/9/2017 2:35:26 PM [Operation] LAKE G P
3/9/2017 2:35:26 PM [Operation] TIME TO REIGN
3/9/2017 2:35:26 PM [Operation] LUBAVA
3/9/2017 2:35:26 PM [Operation] RILEY'S VOO DOO
3/9/2017 2:35:26 PM [Operation] IMONONE
3/9/2017 2:35:26 PM [Operation] SOUTHERN SHOT
3/9/2017 2:35:26 PM [Operation] FINEST VELVET
3/9/2017 2:35:26 PM [Operation] EEPOPPORKAHAH
3/9/2017 2:35:26 PM [Operation] CARMEN'S MYSTERY
3/9/2017 2:35:26 PM [Operation] ANOTHER NITTY
3/9/2017 2:35:26 PM [Operation] TWO JETS WILD
3/9/2017 2:35:26 PM [Operation] RAIL'S GENUINE BOY
3/9/2017 2:35:26 PM [Operation] VLADKAZ
3/9/2017 2:35:26 PM [Operation] JOEYS SUMMER GUN
3/9/2017 2:35:26 PM [Operation] HORN HIGH HUGO
3/9/2017 2:35:26 PM [Operation] OPILINKO
3/9/2017 2:35:26 PM [Operation] MISTER MAYHEM
3/9/2017 2:35:26 PM [Operation] PAZITIVELY PERFECT
3/9/2017 2:35:26 PM [Operation] UNBRIDLED BACCHUS
3/9/2017 2:35:26 PM [Operation] GOHOMEBAY
3/9/2017 2:35:26 PM [Operation] CHICOT BAY
3/9/2017 2:35:26 PM [Operation] LAST WELSH KING
3/9/2017 2:35:26 PM [Operation] KING BANDIT
3/9/2017 2:35:26 PM [Operation] MINESTRONE
3/9/2017 2:35:26 PM [Operation] A T MONEY
3/9/2017 2:35:26 PM [Operation] PRETTY CHARMING
3/9/2017 2:35:26 PM [Operation] FASHIONED
3/9/2017 2:35:26 PM [Operation] A MILLION FIELDS
3/9/2017 2:35:26 PM [Operation] QUIET TITLE
3/9/2017 2:35:26 PM [Operation] SEA OF CHANGE
3/9/2017 2:35:26 PM [Operation] QUIET COMMAND
3/9/2017 2:35:26 PM [Operation] SOUTHERN LEGEN
3/9/2017 2:35:26 PM [Operation] SILENT PIPE
3/9/2017 2:35:26 PM [Operation] CAJUN DUST
3/9/2017 2:35:26 PM [Operation] WAYSTOGEAUX
3/9/2017 2:35:26 PM [Operation] GATOR DAWG
3/9/2017 2:35:26 PM [Operation] TRICKY AND QUICK
3/9/2017 2:35:26 PM [Operation] VLADKAZ
3/9/2017 2:35:26 PM [Operation] JOEYS SUMMER GUN
3/9/2017 2:35:26 PM [Operation] HORN HIGH HUGO
3/9/2017 2:35:26 PM [Operation] OPILINKO
3/9/2017 2:35:26 PM [Operation] MISTER MAYHEM
3/9/2017 2:35:26 PM [Operation] PAZITIVELY PERFECT
3/9/2017 2:35:26 PM [Operation] UNBRIDLED BACCHUS
3/9/2017 2:35:26 PM [Operation] GOHOMEBAY
3/9/2017 2:35:26 PM [Operation] CHICOT BAY
3/9/2017 2:35:26 PM [Operation] LAST WELSH KING
3/9/2017 2:35:26 PM [Operation] KING BANDIT
3/9/2017 2:35:26 PM [Operation] MINESTRONE
3/9/2017 2:35:26 PM [Operation] A T MONEY
3/9/2017 2:35:26 PM [Operation] PRETTY CHARMING
3/9/2017 2:35:26 PM [Operation] FASHIONED
3/9/2017 2:35:26 PM [Operation] A MILLION FIELDS
3/9/2017 2:35:26 PM [Operation] QUIET TITLE
3/9/2017 2:35:26 PM [Operation] SEA OF CHANGE
3/9/2017 2:35:26 PM [Operation] QUIET COMMAND
3/9/2017 2:35:26 PM [Operation] SOUTHERN LEGEN
3/9/2017 2:35:26 PM [Operation] SILENT PIPE
3/9/2017 2:35:26 PM [Operation] CAJUN DUST
3/9/2017 2:35:26 PM [Operation] WAYSTOGEAUX
3/9/2017 2:35:26 PM [Operation] GATOR DAWG
3/9/2017 2:35:26 PM [Operation] TRICKY AND QUICK
3/9/2017 2:35:26 PM [Operation] VLADKAZ
3/9/2017 2:35:26 PM [Operation] JOEYS SUMMER GUN
3/9/2017 2:35:26 PM [Operation] HORN HIGH HUGO
3/9/2017 2:35:26 PM [Operation] OPILINKO
3/9/2017 2:35:26 PM [Operation] MISTER MAYHEM
3/9/2017 2:35:26 PM [Operation] PAZITIVELY PERFECT
3/9/2017 2:35:26 PM [Operation] UNBRIDLED BACCHUS
3/9/2017 2:35:26 PM [Operation] GOHOMEBAY
3/9/2017 2:35:26 PM [Operation] CHICOT BAY
3/9/2017 2:35:26 PM [Operation] LAST WELSH KING
3/9/2017 2:35:26 PM [Operation] KING BANDIT
3/9/2017 2:35:26 PM [Operation] MINESTRONE
3/9/2017 2:35:26 PM [Operation] A T MONEY
3/9/2017 2:35:26 PM [Operation] PRETTY CHARMING
3/9/2017 2:35:26 PM [Operation] FASHIONED
3/9/2017 2:35:26 PM [Operation] A MILLION FIELDS
3/9/2017 2:35:26 PM [Operation] QUIET TITLE
3/9/2017 2:35:26 PM [Operation] SEA OF CHANGE
3/9/2017 2:35:26 PM [Operation] QUIET COMMAND
3/9/2017 2:35:26 PM [Operation] SOUTHERN LEGEN
3/9/2017 2:35:26 PM [Operation] SILENT PIPE
3/9/2017 2:35:26 PM [Operation] CAJUN DUST
3/9/2017 2:35:26 PM [Operation] WAYSTOGEAUX
3/9/2017 2:35:26 PM [Operation] GATOR DAWG
3/9/2017 2:35:26 PM [Operation] TRICKY AND QUICK
3/9/2017 2:35:26 PM [Operation] BLACK AND FANCY
3/9/2017 2:35:26 PM [Operation] RECOVERY GIRL
3/9/2017 2:35:26 PM [Operation] ADANCE FOR ADELE
3/9/2017 2:35:26 PM [Operation] BLACK AND FANCY
3/9/2017 2:35:26 PM [Operation] RECOVERY GIRL
3/9/2017 2:35:26 PM [Operation] ADANCE FOR ADELE
3/9/2017 2:35:26 PM [Operation] FIRST PLACE GRACE
3/9/2017 2:35:26 PM [Operation] BLACK AND FANCY
3/9/2017 2:35:26 PM [Operation] RECOVERY GIRL
3/9/2017 2:35:26 PM [Operation] ADANCE FOR ADELE
3/9/2017 2:35:26 PM [Operation] FIRST PLACE GRACE
3/9/2017 2:35:26 PM [Operation] FEAR NO MORE
3/9/2017 2:35:26 PM [Operation] BLACK AND FANCY
3/9/2017 2:35:26 PM [Operation] RECOVERY GIRL
3/9/2017 2:35:26 PM [Operation] ADANCE FOR ADELE
3/9/2017 2:35:26 PM [Operation] LADY LOHR
3/9/2017 2:35:26 PM [Operation] LANDS N TRADITIONS
3/9/2017 2:35:26 PM [Operation] SARA'S VIRTUE
3/9/2017 2:35:26 PM [Operation] FLORIDA WILDCAT
3/9/2017 2:35:26 PM [Operation] STORMY BEAUTY
3/9/2017 2:35:26 PM [Operation] STEEL HAMMER
3/9/2017 2:35:26 PM [Operation] ETZEME
3/9/2017 2:35:26 PM [Operation] WINSTON C
3/9/2017 2:35:26 PM [Operation] COMMITMENT LETTER
3/9/2017 2:35:26 PM [Operation] SCORCHER
3/9/2017 2:35:26 PM [Operation] LITTLE BAILEY
3/9/2017 2:35:26 PM [Operation] FRENCH CONCORDE
3/9/2017 2:35:26 PM [Operation] RED CANDY
3/9/2017 2:35:26 PM [Operation] GINAGAIN
3/9/2017 2:35:26 PM [Operation] LANDS N TRADITIONS
3/9/2017 2:35:26 PM [Operation] SARA'S VIRTUE
3/9/2017 2:35:26 PM [Operation] FLORIDA WILDCAT
3/9/2017 2:35:26 PM [Operation] STORMY BEAUTY
3/9/2017 2:35:26 PM [Operation] STEEL HAMMER
3/9/2017 2:35:26 PM [Operation] ETZEME
3/9/2017 2:35:26 PM [Operation] WINSTON C
3/9/2017 2:35:26 PM [Operation] COMMITMENT LETTER
3/9/2017 2:35:26 PM [Operation] SCORCHER
3/9/2017 2:35:26 PM [Operation] LITTLE BAILEY
3/9/2017 2:35:26 PM [Operation] FRENCH CONCORDE
3/9/2017 2:35:26 PM [Operation] RED CANDY
3/9/2017 2:35:26 PM [Operation] GINAGAIN
3/9/2017 2:35:26 PM [Operation] LANDS N TRADITIONS
3/9/2017 2:35:26 PM [Operation] SARA'S VIRTUE
3/9/2017 2:35:26 PM [Operation] FLORIDA WILDCAT
3/9/2017 2:35:26 PM [Operation] STORMY BEAUTY
3/9/2017 2:35:26 PM [Operation] STEEL HAMMER
3/9/2017 2:35:26 PM [Operation] ETZEME
3/9/2017 2:35:26 PM [Operation] WINSTON C
3/9/2017 2:35:26 PM [Operation] COMMITMENT LETTER
3/9/2017 2:35:26 PM [Operation] SCORCHER
3/9/2017 2:35:26 PM [Operation] SILVER WINGS
3/9/2017 2:35:26 PM [Operation] LITTLE BAILEY
3/9/2017 2:35:26 PM [Operation] FRENCH CONCORDE
3/9/2017 2:35:26 PM [Operation] RED CANDY
3/9/2017 2:35:26 PM [Operation] GINAGAIN
3/9/2017 2:35:26 PM [Operation] LANDS N TRADITIONS
3/9/2017 2:35:26 PM [Operation] SARA'S VIRTUE
3/9/2017 2:35:26 PM [Operation] FLORIDA WILDCAT
3/9/2017 2:35:26 PM [Operation] STORMY BEAUTY
3/9/2017 2:35:26 PM [Operation] STEEL HAMMER
3/9/2017 2:35:26 PM [Operation] ETZEME
3/9/2017 2:35:26 PM [Operation] WINSTON C
3/9/2017 2:35:26 PM [Operation] COMMITMENT LETTER
3/9/2017 2:35:26 PM [Operation] SCORCHER
3/9/2017 2:35:26 PM [Operation] SILVER WINGS
3/9/2017 2:35:26 PM [Operation] LITTLE BAILEY
3/9/2017 2:35:26 PM [Operation] FRENCH CONCORDE
3/9/2017 2:35:26 PM [Operation] RED CANDY
3/9/2017 2:35:26 PM [Operation] GINAGAIN
3/9/2017 2:35:26 PM [Operation] DIXIE PIXIE
3/9/2017 2:35:26 PM [Operation] BUDDYLIGHT
3/9/2017 2:35:26 PM [Operation] VIKING
3/9/2017 2:35:26 PM [Operation] RIGAMARO
3/9/2017 2:35:26 PM [Operation] SILKEN PRINCE
3/9/2017 2:35:26 PM [Operation] DONT TOUCH MY GOLD
3/9/2017 2:35:26 PM [Operation] TOTAL PACKAGE
3/9/2017 2:35:26 PM [Operation] DIXIE PIXIE
3/9/2017 2:35:26 PM [Operation] BUDDYLIGHT
3/9/2017 2:35:26 PM [Operation] VIKING
3/9/2017 2:35:26 PM [Operation] RIGAMARO
3/9/2017 2:35:26 PM [Operation] SILKEN PRINCE
3/9/2017 2:35:26 PM [Operation] DONT TOUCH MY GOLD
3/9/2017 2:35:26 PM [Operation] TOTAL PACKAGE
3/9/2017 2:35:26 PM [Operation] DIXIE PIXIE
3/9/2017 2:35:26 PM [Operation] BUDDYLIGHT
3/9/2017 2:35:26 PM [Operation] VIKING
3/9/2017 2:35:26 PM [Operation] RIGAMARO
3/9/2017 2:35:26 PM [Operation] TILLO
3/9/2017 2:35:26 PM [Operation] SILKEN PRINCE
3/9/2017 2:35:26 PM [Operation] DONT TOUCH MY GOLD
3/9/2017 2:35:26 PM [Operation] TOTAL PACKAGE
3/9/2017 2:35:26 PM [Operation] DIXIE PIXIE
3/9/2017 2:35:26 PM [Operation] BUDDYLIGHT
3/9/2017 2:35:26 PM [Operation] VIKING
3/9/2017 2:35:26 PM [Operation] RIGAMARO
3/9/2017 2:35:26 PM [Operation] SANCERRE
3/9/2017 2:35:26 PM [Operation] TILLO
3/9/2017 2:35:26 PM [Operation] SILKEN PRINCE
3/9/2017 2:35:26 PM [Operation] DONT TOUCH MY GOLD
3/9/2017 2:35:26 PM [Operation] MISS TEXAS SWEETIE
3/9/2017 2:35:26 PM [Operation] EXCUSE DE JURE
3/9/2017 2:35:26 PM [Operation] OFFICE MORGAN
3/9/2017 2:35:26 PM [Operation] SLAMA JAMA SLEW
3/9/2017 2:35:26 PM [Operation] CACTUS FLOWERS
3/9/2017 2:35:26 PM [Operation] GREEN BRIAR KITTY
3/9/2017 2:35:26 PM [Operation] ALI'S INCLUDED
3/9/2017 2:35:26 PM [Operation] MISS TEXAS SWEETIE
3/9/2017 2:35:26 PM [Operation] EXCUSE DE JURE
3/9/2017 2:35:26 PM [Operation] OFFICE MORGAN
3/9/2017 2:35:26 PM [Operation] SLAMA JAMA SLEW
3/9/2017 2:35:26 PM [Operation] CACTUS FLOWERS
3/9/2017 2:35:26 PM [Operation] GREEN BRIAR KITTY
3/9/2017 2:35:26 PM [Operation] ALI'S INCLUDED
3/9/2017 2:35:26 PM [Operation] MISS TEXAS SWEETIE
3/9/2017 2:35:26 PM [Operation] EXCUSE DE JURE
3/9/2017 2:35:26 PM [Operation] OFFICE MORGAN
3/9/2017 2:35:26 PM [Operation] SLAMA JAMA SLEW
3/9/2017 2:35:26 PM [Operation] CACTUS FLOWERS
3/9/2017 2:35:26 PM [Operation] GREEN BRIAR KITTY
3/9/2017 2:35:26 PM [Operation] ALI'S INCLUDED
3/9/2017 2:35:26 PM [Operation] MISS TEXAS SWEETIE
3/9/2017 2:35:26 PM [Operation] FABULOUS HEART
3/9/2017 2:35:26 PM [Operation] EXCUSE DE JURE
3/9/2017 2:35:26 PM [Operation] OFFICE MORGAN
3/9/2017 2:35:26 PM [Operation] SLAMA JAMA SLEW
3/9/2017 2:35:26 PM [Operation] CACTUS FLOWERS
3/9/2017 2:35:26 PM [Operation] GREEN BRIAR KITTY
3/9/2017 2:35:26 PM [Operation] ALI'S INCLUDED
3/9/2017 2:35:26 PM [Operation] MISS TEXAS SWEETIE
3/9/2017 2:35:26 PM [Operation] FABULOUS HEART
3/9/2017 2:35:26 PM [Operation] EXCUSE DE JURE
3/9/2017 2:35:26 PM [Operation] OFFICE MORGAN
3/9/2017 2:35:26 PM [Operation] SLAMA JAMA SLEW
3/9/2017 2:35:26 PM [Operation] CACTUS FLOWERS
3/9/2017 2:35:26 PM [Operation] GREEN BRIAR KITTY
3/9/2017 2:35:26 PM [Operation] ALI'S INCLUDED
3/9/2017 2:35:26 PM [Operation] MISS TEXAS SWEETIE
3/9/2017 2:35:26 PM [Operation] FABULOUS HEART
3/9/2017 2:35:26 PM [Operation] EXCUSE DE JURE
3/9/2017 2:35:26 PM [Operation] OFFICE MORGAN
3/9/2017 2:35:26 PM [Operation] SLAMA JAMA SLEW
3/9/2017 2:35:26 PM [Operation] CACTUS FLOWERS
3/9/2017 2:35:26 PM [Operation] GREEN BRIAR KITTY
3/9/2017 2:35:26 PM [Operation] ALI'S INCLUDED
3/9/2017 2:35:26 PM [Operation] MISS TEXAS SWEETIE
3/9/2017 2:35:26 PM [Operation] FABULOUS HEART
3/9/2017 2:35:26 PM [Operation] EXCUSE DE JURE
3/9/2017 2:35:26 PM [Operation] OFFICE MORGAN
3/9/2017 2:35:26 PM [Operation] SLAMA JAMA SLEW
3/9/2017 2:35:26 PM [Operation] CACTUS FLOWERS
3/9/2017 2:35:26 PM [Operation] GREEN BRIAR KITTY
3/9/2017 2:35:26 PM [Operation] ALI'S INCLUDED
3/9/2017 2:35:26 PM [Operation] GRAND TOPPER
3/9/2017 2:35:26 PM [Operation] LUCKY FITZ
3/9/2017 2:35:26 PM [Operation] SHESNOWSALL
3/9/2017 2:35:26 PM [Operation] GRAND TOPPER
3/9/2017 2:35:26 PM [Operation] LUCKY FITZ
3/9/2017 2:35:26 PM [Operation] SHESNOWSALL
3/9/2017 2:35:26 PM [Operation] LOVE THOSE CDS
3/9/2017 2:35:26 PM [Operation] VARBOROUGH
3/9/2017 2:35:26 PM [Operation] PYRO CITY
3/9/2017 2:35:26 PM [Operation] LOVE THOSE CDS
3/9/2017 2:35:26 PM [Operation] VARBOROUGH
3/9/2017 2:35:26 PM [Operation] PYRO CITY
3/9/2017 2:35:26 PM [Operation] MYRASIRA
3/9/2017 2:35:26 PM [Operation] LOVE THOSE CDS
3/9/2017 2:35:26 PM [Operation] VARBOROUGH
3/9/2017 2:35:26 PM [Operation] PYRO CITY
3/9/2017 2:35:26 PM [Operation] MYRASIRA
3/9/2017 2:35:26 PM [Operation] LOVE THOSE CDS
3/9/2017 2:35:26 PM [Operation] VARBOROUGH
3/9/2017 2:35:26 PM [Operation] PYRO CITY
3/9/2017 2:35:26 PM [Operation] MYRASIRA
3/9/2017 2:35:26 PM [Operation] STICKY CACTUS
3/9/2017 2:35:26 PM [Operation] BOOGITY BOOG
3/9/2017 2:35:26 PM [Operation] SIGNAL FLAG
3/9/2017 2:35:26 PM [Operation] STICKY CACTUS
3/9/2017 2:35:26 PM [Operation] BOOGITY BOOG
3/9/2017 2:35:26 PM [Operation] SIGNAL FLAG
3/9/2017 2:35:26 PM [Operation] PANDERING
3/9/2017 2:35:26 PM [Operation] ZARBY'S HOME
3/9/2017 2:35:26 PM [Operation] DORVAN
3/9/2017 2:35:26 PM [Operation] ANTHONY
3/9/2017 2:35:26 PM [Operation] PANDERING
3/9/2017 2:35:26 PM [Operation] ZARBY'S HOME
3/9/2017 2:35:26 PM [Operation] DORVAN
3/9/2017 2:35:26 PM [Operation] ANTHONY
3/9/2017 2:35:26 PM [Operation] PANDERING
3/9/2017 2:35:26 PM [Operation] ZARBY'S HOME
3/9/2017 2:35:26 PM [Operation] DORVAN
3/9/2017 2:35:26 PM [Operation] BITTER TRUTH
3/9/2017 2:35:26 PM [Operation] ANTHONY
3/9/2017 2:35:26 PM [Operation] L'AFFAIRE
3/9/2017 2:35:26 PM [Operation] SUMKIN
3/9/2017 2:35:26 PM [Operation] APIANUS
3/9/2017 2:35:26 PM [Operation] L'AFFAIRE
3/9/2017 2:35:26 PM [Operation] SUMKIN
3/9/2017 2:35:26 PM [Operation] APIANUS
3/9/2017 2:35:26 PM [Operation] L'AFFAIRE
3/9/2017 2:35:26 PM [Operation] SUMKIN
3/9/2017 2:35:26 PM [Operation] APIANUS
3/9/2017 2:35:26 PM [Operation] L'AFFAIRE
3/9/2017 2:35:26 PM [Operation] SUMKIN
3/9/2017 2:35:26 PM [Operation] APIANUS
3/9/2017 2:35:26 PM [Operation] L'AFFAIRE
3/9/2017 2:35:26 PM [Operation] SUMKIN
3/9/2017 2:35:26 PM [Operation] APIANUS
3/9/2017 2:35:26 PM [Operation] L'AFFAIRE
3/9/2017 2:35:26 PM [Operation] SUMKIN
3/9/2017 2:35:26 PM [Operation] MOONOVERMANHATTAN
3/9/2017 2:35:26 PM [Operation] KATE WINSALOT
3/9/2017 2:35:26 PM [Operation] KATE WINSALOT
3/9/2017 2:35:26 PM [Operation] BROTHER MAN
3/9/2017 2:35:26 PM [Operation] DURF
3/9/2017 2:35:26 PM [Operation] KATE WINSALOT
3/9/2017 2:35:26 PM [Operation] SHAKALAKA
3/9/2017 2:35:26 PM [Operation] BROTHER MAN
3/9/2017 2:35:26 PM [Operation] DURF
3/9/2017 2:35:26 PM [Operation] KATE WINSALOT
3/9/2017 2:35:26 PM [Operation] SHAKALAKA
3/9/2017 2:35:26 PM [Operation] BROTHER MAN
3/9/2017 2:35:26 PM [Operation] TATANKA
3/9/2017 2:35:26 PM [Operation] DURF
3/9/2017 2:35:26 PM [Operation] SIR DANCE A LOT
3/9/2017 2:35:26 PM [Operation] BERRY BERRY BUENO
3/9/2017 2:35:26 PM [Operation] CREME DELA SUANCES
3/9/2017 2:35:26 PM [Operation] POSSE IN EFFECT
3/9/2017 2:35:26 PM [Operation] BERENGARIA
3/9/2017 2:35:26 PM [Operation] ANN'S SMART DANCER
3/9/2017 2:35:26 PM [Operation] CORALINE
3/9/2017 2:35:26 PM [Operation] SIR DANCE A LOT
3/9/2017 2:35:26 PM [Operation] GET MORE MONEY
3/9/2017 2:35:26 PM [Operation] BERRY BERRY BUENO
3/9/2017 2:35:26 PM [Operation] CREME DELA SUANCES
3/9/2017 2:35:26 PM [Operation] POSSE IN EFFECT
3/9/2017 2:35:26 PM [Operation] MARCIANNIE
3/9/2017 2:35:26 PM [Operation] BERENGARIA
3/9/2017 2:35:26 PM [Operation] ANN'S SMART DANCER
3/9/2017 2:35:26 PM [Operation] CORALINE
3/9/2017 2:35:26 PM [Operation] FEATURE MS JESSY
3/9/2017 2:35:26 PM [Operation] OSU COWBOY ATTITUDE
3/9/2017 2:35:26 PM [Operation] DALTS MONEY MAKER
3/9/2017 2:35:26 PM [Operation] FEATURE MS JESSY
3/9/2017 2:35:26 PM [Operation] OSU COWBOY ATTITUDE
3/9/2017 2:35:26 PM [Operation] DALTS MONEY MAKER
3/9/2017 2:35:26 PM [Operation] FEATURE MS JESSY
3/9/2017 2:35:26 PM [Operation] DOUBLE ACCEL
3/9/2017 2:35:26 PM [Operation] OSU COWBOY ATTITUDE
3/9/2017 2:35:26 PM [Operation] DALTS MONEY MAKER
3/9/2017 2:35:26 PM [Operation] FEATURE MS JESSY
3/9/2017 2:35:26 PM [Operation] DOUBLE ACCEL
3/9/2017 2:35:26 PM [Operation] OSU COWBOY ATTITUDE
3/9/2017 2:35:26 PM [Operation] DALTS MONEY MAKER
3/9/2017 2:35:26 PM [Operation] BLUE DESERT ROSE
3/9/2017 2:35:26 PM [Operation] FEATURE MS JESSY
3/9/2017 2:35:26 PM [Operation] DOUBLE ACCEL
3/9/2017 2:35:26 PM [Operation] OSU COWBOY ATTITUDE
3/9/2017 2:35:26 PM [Operation] FIRST KOOL CHICK
3/9/2017 2:35:26 PM [Operation] DALTS MONEY MAKER
3/9/2017 2:35:26 PM [Operation] BLUE DESERT ROSE
3/9/2017 2:35:26 PM [Operation] FEATURE MS JESSY
3/9/2017 2:35:26 PM [Operation] DOUBLE ACCEL
3/9/2017 2:35:26 PM [Operation] OSU COWBOY ATTITUDE
3/9/2017 2:35:26 PM [Operation] FIRST KOOL CHICK
3/9/2017 2:35:26 PM [Operation] DALTS MONEY MAKER
3/9/2017 2:35:26 PM [Operation] BLUE DESERT ROSE
3/9/2017 2:35:26 PM [Operation] WILLIE MOSCONI
3/9/2017 2:35:26 PM [Operation] MS
3/9/2017 2:35:26 PM [Operation] G
3/9/2017 2:35:26 PM [Operation] I
3/9/2017 2:35:26 PM [Operation] JANE
3/9/2017 2:35:26 PM [Operation] MELISSA ROSE
3/9/2017 2:35:26 PM [Operation] MS
3/9/2017 2:35:26 PM [Operation] G
3/9/2017 2:35:26 PM [Operation] I
3/9/2017 2:35:26 PM [Operation] JANE
3/9/2017 2:35:26 PM [Operation] MELISSA ROSE
3/9/2017 2:35:26 PM [Operation] MS
3/9/2017 2:35:26 PM [Operation] G
3/9/2017 2:35:26 PM [Operation] I
3/9/2017 2:35:26 PM [Operation] JANE
3/9/2017 2:35:26 PM [Operation] CHEETAH WOODS
3/9/2017 2:35:26 PM [Operation] GEIGERMEISTER
3/9/2017 2:35:26 PM [Operation] GOLDEN PROSPECTOR
3/9/2017 2:35:26 PM [Operation] PROSPECTIVE LOVE
3/9/2017 2:35:26 PM [Operation] CHEETAH WOODS
3/9/2017 2:35:26 PM [Operation] GEIGERMEISTER
3/9/2017 2:35:26 PM [Operation] GOLDEN PROSPECTOR
3/9/2017 2:35:26 PM [Operation] PROSPECTIVE LOVE
3/9/2017 2:35:26 PM [Operation] CHEETAH WOODS
3/9/2017 2:35:26 PM [Operation] GEIGERMEISTER
3/9/2017 2:35:26 PM [Operation] GOLDEN PROSPECTOR
3/9/2017 2:35:26 PM [Operation] PROSPECTIVE LOVE
3/9/2017 2:35:26 PM [Operation] CHEETAH WOODS
3/9/2017 2:35:26 PM [Operation] GEIGERMEISTER
3/9/2017 2:35:26 PM [Operation] GOLDEN PROSPECTOR
3/9/2017 2:35:26 PM [Operation] UNO FRONTERA
3/9/2017 2:35:26 PM [Operation] PROSPECTIVE LOVE
3/9/2017 2:35:26 PM [Operation] CHEETAH WOODS
3/9/2017 2:35:26 PM [Operation] GEIGERMEISTER
3/9/2017 2:35:26 PM [Operation] GOLDEN PROSPECTOR
3/9/2017 2:35:26 PM [Operation] M P STORM MANIA
3/9/2017 2:35:26 PM [Operation] UNO FRONTERA
3/9/2017 2:35:26 PM [Operation] PROSPECTIVE LOVE
3/9/2017 2:35:26 PM [Operation] LEROY'S PRIDE
3/9/2017 2:35:26 PM [Operation] CARBON COUNTY
3/9/2017 2:35:26 PM [Operation] ZEE ARE ONE
3/9/2017 2:35:26 PM [Operation] SPANISH BLUES
3/9/2017 2:35:26 PM [Operation] DREAMSPELL
3/9/2017 2:35:26 PM [Operation] BOBBIESQUEEN
3/9/2017 2:35:26 PM [Operation] LEROY'S PRIDE
3/9/2017 2:35:26 PM [Operation] CARBON COUNTY
3/9/2017 2:35:26 PM [Operation] ZEE ARE ONE
3/9/2017 2:35:26 PM [Operation] SPANISH BLUES
3/9/2017 2:35:26 PM [Operation] DREAMSPELL
3/9/2017 2:35:26 PM [Operation] JEWELS VERDE
3/9/2017 2:35:26 PM [Operation] SWEETDREAMSGALLORE
3/9/2017 2:35:26 PM [Operation] BOBBIESQUEEN
3/9/2017 2:35:26 PM [Operation] LEROY'S PRIDE
3/9/2017 2:35:26 PM [Operation] CARBON COUNTY
3/9/2017 2:35:26 PM [Operation] ZEE ARE ONE
3/9/2017 2:35:26 PM [Operation] SPANISH BLUES
3/9/2017 2:35:26 PM [Operation] DREAMSPELL
3/9/2017 2:35:26 PM [Operation] JEWELS VERDE
3/9/2017 2:35:26 PM [Operation] SWEETDREAMSGALLORE
3/9/2017 2:35:26 PM [Operation] BOBBIESQUEEN
3/9/2017 2:35:26 PM [Operation] LEROY'S PRIDE
3/9/2017 2:35:26 PM [Operation] CARBON COUNTY
3/9/2017 2:35:26 PM [Operation] ZEE ARE ONE
3/9/2017 2:35:26 PM [Operation] SPANISH BLUES
3/9/2017 2:35:26 PM [Operation] DREAMSPELL
3/9/2017 2:35:26 PM [Operation] JEWELS VERDE
3/9/2017 2:35:26 PM [Operation] SWEETDREAMSGALLORE
3/9/2017 2:35:26 PM [Operation] BOBBIESQUEEN
3/9/2017 2:35:26 PM [Operation] LEROY'S PRIDE
3/9/2017 2:35:26 PM [Operation] CARBON COUNTY
3/9/2017 2:35:26 PM [Operation] ZEE ARE ONE
3/9/2017 2:35:26 PM [Operation] SPANISH BLUES
3/9/2017 2:35:26 PM [Operation] DREAMSPELL
3/9/2017 2:35:26 PM [Operation] JEWELS VERDE
3/9/2017 2:35:26 PM [Operation] SWEETDREAMSGALLORE
3/9/2017 2:35:26 PM [Operation] BOBBIESQUEEN
3/9/2017 2:35:26 PM [Operation] LEROY'S PRIDE
3/9/2017 2:35:26 PM [Operation] CARBON COUNTY
3/9/2017 2:35:26 PM [Operation] ZEE ARE ONE
3/9/2017 2:35:26 PM [Operation] SPANISH BLUES
3/9/2017 2:35:26 PM [Operation] DREAMSPELL
3/9/2017 2:35:26 PM [Operation] JEWELS VERDE
3/9/2017 2:35:26 PM [Operation] SWEETDREAMSGALLORE
3/9/2017 2:35:26 PM [Operation] BOBBIESQUEEN
3/9/2017 2:35:26 PM [Operation] LEROY'S PRIDE
3/9/2017 2:35:26 PM [Operation] CARBON COUNTY
3/9/2017 2:35:26 PM [Operation] ZEE ARE ONE
3/9/2017 2:35:26 PM [Operation] SPANISH BLUES
3/9/2017 2:35:26 PM [Operation] DREAMSPELL
3/9/2017 2:35:26 PM [Operation] JEWELS VERDE
3/9/2017 2:35:26 PM [Operation] SWEETDREAMSGALLORE
3/9/2017 2:35:26 PM [Operation] G AREYOUKIDDING
3/9/2017 2:35:26 PM [Operation] CINDY ANDY
3/9/2017 2:35:26 PM [Operation] SIGNING OFF
3/9/2017 2:35:26 PM [Operation] SOTOLUCO
3/9/2017 2:35:26 PM [Operation] HALF POT
3/9/2017 2:35:26 PM [Operation] YOURLUCKYTOHAVEME
3/9/2017 2:35:26 PM [Operation] A GIANT FOR JESTER
3/9/2017 2:35:26 PM [Operation] G AREYOUKIDDING
3/9/2017 2:35:26 PM [Operation] CINDY ANDY
3/9/2017 2:35:26 PM [Operation] SIGNING OFF
3/9/2017 2:35:26 PM [Operation] COLONEL POTTER
3/9/2017 2:35:26 PM [Operation] SOTOLUCO
3/9/2017 2:35:26 PM [Operation] HALF POT
3/9/2017 2:35:26 PM [Operation] YOURLUCKYTOHAVEME
3/9/2017 2:35:26 PM [Operation] A GIANT FOR JESTER
3/9/2017 2:35:26 PM [Operation] G AREYOUKIDDING
3/9/2017 2:35:26 PM [Operation] CINDY ANDY
3/9/2017 2:35:26 PM [Operation] SIGNING OFF
3/9/2017 2:35:26 PM [Operation] COLONEL POTTER
3/9/2017 2:35:26 PM [Operation] SOTOLUCO
3/9/2017 2:35:26 PM [Operation] HALF POT
3/9/2017 2:35:26 PM [Operation] YOURLUCKYTOHAVEME
3/9/2017 2:35:26 PM [Operation] A GIANT FOR JESTER
3/9/2017 2:35:26 PM [Operation] G AREYOUKIDDING
3/9/2017 2:35:26 PM [Operation] CINDY ANDY
3/9/2017 2:35:26 PM [Operation] SIGNING OFF
3/9/2017 2:35:26 PM [Operation] COLONEL POTTER
3/9/2017 2:35:26 PM [Operation] SOTOLUCO
3/9/2017 2:35:26 PM [Operation] HALF POT
3/9/2017 2:35:26 PM [Operation] YOURLUCKYTOHAVEME
3/9/2017 2:35:26 PM [Operation] A GIANT FOR JESTER
3/9/2017 2:35:26 PM [Operation] G AREYOUKIDDING
3/9/2017 2:35:26 PM [Operation] CINDY ANDY
3/9/2017 2:35:26 PM [Operation] SIGNING OFF
3/9/2017 2:35:26 PM [Operation] COLONEL POTTER
3/9/2017 2:35:26 PM [Operation] SOTOLUCO
3/9/2017 2:35:26 PM [Operation] HALF POT
3/9/2017 2:35:26 PM [Operation] YOURLUCKYTOHAVEME
3/9/2017 2:35:26 PM [Operation] A GIANT FOR JESTER
3/9/2017 2:35:26 PM [Operation] G AREYOUKIDDING
3/9/2017 2:35:26 PM [Operation] CINDY ANDY
3/9/2017 2:35:26 PM [Operation] SIGNING OFF
3/9/2017 2:35:26 PM [Operation] COLONEL POTTER
3/9/2017 2:35:26 PM [Operation] SOTOLUCO
3/9/2017 2:35:26 PM [Operation] SASYBEY
3/9/2017 2:35:26 PM [Operation] HALF POT
3/9/2017 2:35:26 PM [Operation] YOURLUCKYTOHAVEME
3/9/2017 2:35:26 PM [Operation] A GIANT FOR JESTER
3/9/2017 2:35:26 PM [Operation] BF IVORY SHOWERS
3/9/2017 2:35:26 PM [Operation] THE PHENOM
3/9/2017 2:35:26 PM [Operation] SHES AMARTINILOVER
3/9/2017 2:35:26 PM [Operation] CRUSADEN
3/9/2017 2:35:26 PM [Operation] BF IVORY SHOWERS
3/9/2017 2:35:26 PM [Operation] HEADED FOR HOME
3/9/2017 2:35:26 PM [Operation] THE PHENOM
3/9/2017 2:35:26 PM [Operation] SHES AMARTINILOVER
3/9/2017 2:35:26 PM [Operation] CRUSADEN
3/9/2017 2:35:26 PM [Operation] BF IVORY SHOWERS
3/9/2017 2:35:26 PM [Operation] HEADED FOR HOME
3/9/2017 2:35:26 PM [Operation] THE PHENOM
3/9/2017 2:35:26 PM [Operation] SHES AMARTINILOVER
3/9/2017 2:35:26 PM [Operation] CRUSADEN
3/9/2017 2:35:26 PM [Operation] Import Todays HDW For Reports 
3/9/2017 2:35:27 PM [Operation] UpdateSpeedPoints
3/9/2017 2:35:49 PM [Operation] IndexToday
3/9/2017 2:35:56 PM [Operation] IndexPedigree
3/9/2017 2:36:10 PM [Operation] qryUpdateEntryOwnerFromXrefTrainer
3/9/2017 2:36:11 PM [Operation] qryUpdateIVRankingAndFinalOrderTables-End
3/9/2017 2:36:11 PM [Operation] UpdateSuperJockeyTrainer
3/9/2017 2:36:16 PM [Operation] UpdateATL
3/9/2017 2:36:17 PM [Operation] UpdateNbrOfStarters
3/9/2017 2:36:18 PM [Operation] Set Liners
3/9/2017 2:36:22 PM [Operation] UpdateTopFigures
3/9/2017 2:36:22 PM [Operation] UpdatePaceAdvantage
3/9/2017 2:36:24 PM [Operation] UpdateTipSheetSelections
3/9/2017 2:36:32 PM [Operation] UpdateTodaysWagerWinPct
3/9/2017 2:36:50 PM [Operation] UpdateTodaysWagerWinPct
3/9/2017 2:37:06 PM [Operation] UpdateTodaysWagerWinPctRank
3/9/2017 2:37:16 PM [Operation] UpdateReportSelections
3/9/2017 2:37:20 PM [Operation] UpdateGimmicks
3/9/2017 2:37:32 PM [Operation] UpdateATL
3/9/2017 2:37:34 PM [Operation] UpdateHHFromToday
3/9/2017 2:37:44 PM [Operation] Create Reports 
3/9/2017 2:37:55 PM [Operation] CreateWagers
3/9/2017 2:37:56 PM [Operation] Create TSN Reports - Start
3/9/2017 6:06:35 PM [Operation] Process TSN MultiCaps _ C:\HDWDOWNLOAD\JCP\CTX0309.JCP
3/9/2017 6:06:37 PM [Operation] Process TSN ProCaps - C:\HDWDOWNLOAD\JCP\CTX0309.JCP
3/9/2017 6:08:01 PM [Operation] Process TSN MultiCaps _ C:\HDWDOWNLOAD\JCP\CTX0309.JCP
3/9/2017 6:08:03 PM [Operation] Process TSN ProCaps - C:\HDWDOWNLOAD\JCP\CTX0309.JCP
3/9/2017 6:10:04 PM [Operation] Process TSN MultiCaps _ C:\HDWDOWNLOAD\JCP\CTX0309.JCP
3/9/2017 6:10:06 PM [Operation] Process TSN ProCaps - C:\HDWDOWNLOAD\JCP\CTX0309.JCP
3/9/2017 6:10:20 PM [Operation] Process TSN MultiCaps _ C:\HDWDOWNLOAD\JCP\DED0309.JCP
3/9/2017 6:10:23 PM [Operation] Process TSN ProCaps - C:\HDWDOWNLOAD\JCP\DED0309.JCP
3/9/2017 6:10:44 PM [Operation] Process TSN MultiCaps _ C:\HDWDOWNLOAD\JCP\FGX0309.JCP
3/9/2017 6:10:46 PM [Operation] Process TSN ProCaps - C:\HDWDOWNLOAD\JCP\FGX0309.JCP
3/9/2017 6:10:48 PM [Operation] Process TSN MultiCaps _ C:\HDWDOWNLOAD\JCP\GGX0309.JCP
3/9/2017 6:10:49 PM [Operation] Process TSN ProCaps - C:\HDWDOWNLOAD\JCP\GGX0309.JCP
3/9/2017 6:10:50 PM [Operation] Process TSN MultiCaps _ C:\HDWDOWNLOAD\JCP\GPX0309.JCP
3/9/2017 6:10:53 PM [Operation] Process TSN ProCaps - C:\HDWDOWNLOAD\JCP\GPX0309.JCP
3/9/2017 6:10:54 PM [Operation] Process TSN MultiCaps _ C:\HDWDOWNLOAD\JCP\OPX0309.JCP
3/9/2017 6:10:57 PM [Operation] Process TSN ProCaps - C:\HDWDOWNLOAD\JCP\OPX0309.JCP
3/9/2017 6:10:59 PM [Operation] Process TSN MultiCaps _ C:\HDWDOWNLOAD\JCP\PEN0309.JCP
3/9/2017 6:11:01 PM [Operation] Process TSN ProCaps - C:\HDWDOWNLOAD\JCP\PEN0309.JCP
3/9/2017 6:11:02 PM [Operation] Process TSN MultiCaps _ C:\HDWDOWNLOAD\JCP\SAX0309.JCP
3/9/2017 6:11:04 PM [Operation] Process TSN ProCaps - C:\HDWDOWNLOAD\JCP\SAX0309.JCP
3/9/2017 6:11:06 PM [Operation] Process TSN MultiCaps _ C:\HDWDOWNLOAD\JCP\TPX0309.JCP
3/9/2017 6:11:08 PM [Operation] Process TSN ProCaps - C:\HDWDOWNLOAD\JCP\TPX0309.JCP
3/9/2017 6:11:10 PM [Operation] DeleteNonContenders
3/9/2017 6:11:10 PM [Operation] Import Todays TSN Changes 
3/9/2017 6:11:11 PM [Operation] BRAVO ROMEO
3/9/2017 6:11:11 PM [Operation] PEACEADAACTION
3/9/2017 6:11:11 PM [Operation] HAVE YOU EVER
3/9/2017 6:11:11 PM [Operation] ROAD TO LOVE
3/9/2017 6:11:11 PM [Operation] GUYANA PRESIDENT
3/9/2017 6:11:11 PM [Operation] MIGHTYLOVER
3/9/2017 6:11:11 PM [Operation] DIGITAL JOE
3/9/2017 6:11:11 PM [Operation] SWEET PENNY
3/9/2017 6:11:11 PM [Operation] CRESCENT SHORE
3/9/2017 6:11:11 PM [Operation] THE VIN MAN
3/9/2017 6:11:11 PM [Operation] WILDLEE SPECIAL
3/9/2017 6:11:11 PM [Operation] WADI SUKI
3/9/2017 6:11:11 PM [Operation] BRAVO ROMEO
3/9/2017 6:11:11 PM [Operation] PEACEADAACTION
3/9/2017 6:11:11 PM [Operation] HAVE YOU EVER
3/9/2017 6:11:11 PM [Operation] ROAD TO LOVE
3/9/2017 6:11:11 PM [Operation] GUYANA PRESIDENT
3/9/2017 6:11:11 PM [Operation] MIGHTYLOVER
3/9/2017 6:11:11 PM [Operation] DIGITAL JOE
3/9/2017 6:11:11 PM [Operation] SWEET PENNY
3/9/2017 6:11:11 PM [Operation] CRESCENT SHORE
3/9/2017 6:11:11 PM [Operation] THE VIN MAN
3/9/2017 6:11:11 PM [Operation] WILDLEE SPECIAL
3/9/2017 6:11:11 PM [Operation] WADI SUKI
3/9/2017 6:11:11 PM [Operation] NUTTY WIZARD
3/9/2017 6:11:11 PM [Operation] SHOT GUN MARTY
3/9/2017 6:11:11 PM [Operation] MO'S BRO
3/9/2017 6:11:11 PM [Operation] VALID VENTURE
3/9/2017 6:11:11 PM [Operation] OUR SECOND SLEW
3/9/2017 6:11:11 PM [Operation] SISTER SELECT
3/9/2017 6:11:11 PM [Operation] NUTTY WIZARD
3/9/2017 6:11:11 PM [Operation] SHOT GUN MARTY
3/9/2017 6:11:11 PM [Operation] MO'S BRO
3/9/2017 6:11:11 PM [Operation] VALID VENTURE
3/9/2017 6:11:11 PM [Operation] OUR SECOND SLEW
3/9/2017 6:11:11 PM [Operation] SISTER SELECT
3/9/2017 6:11:11 PM [Operation] NUTTY WIZARD
3/9/2017 6:11:11 PM [Operation] SHOT GUN MARTY
3/9/2017 6:11:11 PM [Operation] MO'S BRO
3/9/2017 6:11:11 PM [Operation] VALID VENTURE
3/9/2017 6:11:11 PM [Operation] OUR SECOND SLEW
3/9/2017 6:11:11 PM [Operation] SISTER SELECT
3/9/2017 6:11:11 PM [Operation] NUTTY WIZARD
3/9/2017 6:11:11 PM [Operation] SHOT GUN MARTY
3/9/2017 6:11:11 PM [Operation] MO'S BRO
3/9/2017 6:11:11 PM [Operation] VALID VENTURE
3/9/2017 6:11:11 PM [Operation] OUR SECOND SLEW
3/9/2017 6:11:11 PM [Operation] SISTER SELECT
3/9/2017 6:11:11 PM [Operation] ORMA SHARP
3/9/2017 6:11:11 PM [Operation] NUTTY WIZARD
3/9/2017 6:11:11 PM [Operation] SHOT GUN MARTY
3/9/2017 6:11:11 PM [Operation] MO'S BRO
3/9/2017 6:11:11 PM [Operation] VALID VENTURE
3/9/2017 6:11:11 PM [Operation] OUR SECOND SLEW
3/9/2017 6:11:11 PM [Operation] SISTER SELECT
3/9/2017 6:11:11 PM [Operation] LAKE G P
3/9/2017 6:11:11 PM [Operation] TIME TO REIGN
3/9/2017 6:11:11 PM [Operation] LUBAVA
3/9/2017 6:11:11 PM [Operation] RILEY'S VOO DOO
3/9/2017 6:11:11 PM [Operation] IMONONE
3/9/2017 6:11:11 PM [Operation] FINEST VELVET
3/9/2017 6:11:11 PM [Operation] EEPOPPORKAHAH
3/9/2017 6:11:11 PM [Operation] TWO JETS WILD
3/9/2017 6:11:11 PM [Operation] RAIL'S GENUINE BOY
3/9/2017 6:11:11 PM [Operation] LAKE G P
3/9/2017 6:11:11 PM [Operation] TIME TO REIGN
3/9/2017 6:11:11 PM [Operation] LUBAVA
3/9/2017 6:11:11 PM [Operation] RILEY'S VOO DOO
3/9/2017 6:11:11 PM [Operation] IMONONE
3/9/2017 6:11:11 PM [Operation] SOUTHERN SHOT
3/9/2017 6:11:11 PM [Operation] FINEST VELVET
3/9/2017 6:11:11 PM [Operation] EEPOPPORKAHAH
3/9/2017 6:11:11 PM [Operation] CARMEN'S MYSTERY
3/9/2017 6:11:11 PM [Operation] ANOTHER NITTY
3/9/2017 6:11:11 PM [Operation] TWO JETS WILD
3/9/2017 6:11:11 PM [Operation] RAIL'S GENUINE BOY
3/9/2017 6:11:11 PM [Operation] LAKE G P
3/9/2017 6:11:11 PM [Operation] TIME TO REIGN
3/9/2017 6:11:11 PM [Operation] LUBAVA
3/9/2017 6:11:11 PM [Operation] RILEY'S VOO DOO
3/9/2017 6:11:11 PM [Operation] IMONONE
3/9/2017 6:11:11 PM [Operation] SOUTHERN SHOT
3/9/2017 6:11:11 PM [Operation] FINEST VELVET
3/9/2017 6:11:11 PM [Operation] EEPOPPORKAHAH
3/9/2017 6:11:11 PM [Operation] CARMEN'S MYSTERY
3/9/2017 6:11:11 PM [Operation] ANOTHER NITTY
3/9/2017 6:11:11 PM [Operation] TWO JETS WILD
3/9/2017 6:11:11 PM [Operation] RAIL'S GENUINE BOY
3/9/2017 6:11:11 PM [Operation] LAKE G P
3/9/2017 6:11:11 PM [Operation] TIME TO REIGN
3/9/2017 6:11:11 PM [Operation] LUBAVA
3/9/2017 6:11:11 PM [Operation] RILEY'S VOO DOO
3/9/2017 6:11:11 PM [Operation] IMONONE
3/9/2017 6:11:11 PM [Operation] SOUTHERN SHOT
3/9/2017 6:11:11 PM [Operation] FINEST VELVET
3/9/2017 6:11:11 PM [Operation] EEPOPPORKAHAH
3/9/2017 6:11:11 PM [Operation] CARMEN'S MYSTERY
3/9/2017 6:11:11 PM [Operation] ANOTHER NITTY
3/9/2017 6:11:11 PM [Operation] TWO JETS WILD
3/9/2017 6:11:11 PM [Operation] RAIL'S GENUINE BOY
3/9/2017 6:11:11 PM [Operation] VLADKAZ
3/9/2017 6:11:11 PM [Operation] JOEYS SUMMER GUN
3/9/2017 6:11:11 PM [Operation] HORN HIGH HUGO
3/9/2017 6:11:11 PM [Operation] OPILINKO
3/9/2017 6:11:11 PM [Operation] MISTER MAYHEM
3/9/2017 6:11:11 PM [Operation] PAZITIVELY PERFECT
3/9/2017 6:11:11 PM [Operation] UNBRIDLED BACCHUS
3/9/2017 6:11:11 PM [Operation] GOHOMEBAY
3/9/2017 6:11:11 PM [Operation] CHICOT BAY
3/9/2017 6:11:11 PM [Operation] LAST WELSH KING
3/9/2017 6:11:11 PM [Operation] KING BANDIT
3/9/2017 6:11:11 PM [Operation] MINESTRONE
3/9/2017 6:11:11 PM [Operation] A T MONEY
3/9/2017 6:11:11 PM [Operation] PRETTY CHARMING
3/9/2017 6:11:11 PM [Operation] FASHIONED
3/9/2017 6:11:11 PM [Operation] A MILLION FIELDS
3/9/2017 6:11:11 PM [Operation] QUIET TITLE
3/9/2017 6:11:11 PM [Operation] SEA OF CHANGE
3/9/2017 6:11:11 PM [Operation] QUIET COMMAND
3/9/2017 6:11:11 PM [Operation] SOUTHERN LEGEN
3/9/2017 6:11:11 PM [Operation] SILENT PIPE
3/9/2017 6:11:11 PM [Operation] CAJUN DUST
3/9/2017 6:11:11 PM [Operation] WAYSTOGEAUX
3/9/2017 6:11:11 PM [Operation] GATOR DAWG
3/9/2017 6:11:11 PM [Operation] TRICKY AND QUICK
3/9/2017 6:11:11 PM [Operation] VLADKAZ
3/9/2017 6:11:11 PM [Operation] JOEYS SUMMER GUN
3/9/2017 6:11:11 PM [Operation] HORN HIGH HUGO
3/9/2017 6:11:11 PM [Operation] OPILINKO
3/9/2017 6:11:11 PM [Operation] MISTER MAYHEM
3/9/2017 6:11:11 PM [Operation] PAZITIVELY PERFECT
3/9/2017 6:11:11 PM [Operation] UNBRIDLED BACCHUS
3/9/2017 6:11:11 PM [Operation] GOHOMEBAY
3/9/2017 6:11:11 PM [Operation] CHICOT BAY
3/9/2017 6:11:11 PM [Operation] LAST WELSH KING
3/9/2017 6:11:11 PM [Operation] KING BANDIT
3/9/2017 6:11:11 PM [Operation] MINESTRONE
3/9/2017 6:11:11 PM [Operation] A T MONEY
3/9/2017 6:11:11 PM [Operation] PRETTY CHARMING
3/9/2017 6:11:11 PM [Operation] FASHIONED
3/9/2017 6:11:11 PM [Operation] A MILLION FIELDS
3/9/2017 6:11:11 PM [Operation] QUIET TITLE
3/9/2017 6:11:11 PM [Operation] SEA OF CHANGE
3/9/2017 6:11:11 PM [Operation] QUIET COMMAND
3/9/2017 6:11:11 PM [Operation] SOUTHERN LEGEN
3/9/2017 6:11:11 PM [Operation] SILENT PIPE
3/9/2017 6:11:11 PM [Operation] CAJUN DUST
3/9/2017 6:11:11 PM [Operation] WAYSTOGEAUX
3/9/2017 6:11:11 PM [Operation] GATOR DAWG
3/9/2017 6:11:11 PM [Operation] TRICKY AND QUICK
3/9/2017 6:11:11 PM [Operation] VLADKAZ
3/9/2017 6:11:11 PM [Operation] JOEYS SUMMER GUN
3/9/2017 6:11:11 PM [Operation] HORN HIGH HUGO
3/9/2017 6:11:11 PM [Operation] OPILINKO
3/9/2017 6:11:11 PM [Operation] MISTER MAYHEM
3/9/2017 6:11:11 PM [Operation] PAZITIVELY PERFECT
3/9/2017 6:11:11 PM [Operation] UNBRIDLED BACCHUS
3/9/2017 6:11:11 PM [Operation] GOHOMEBAY
3/9/2017 6:11:11 PM [Operation] CHICOT BAY
3/9/2017 6:11:11 PM [Operation] LAST WELSH KING
3/9/2017 6:11:11 PM [Operation] KING BANDIT
3/9/2017 6:11:11 PM [Operation] MINESTRONE
3/9/2017 6:11:11 PM [Operation] A T MONEY
3/9/2017 6:11:11 PM [Operation] PRETTY CHARMING
3/9/2017 6:11:11 PM [Operation] FASHIONED
3/9/2017 6:11:11 PM [Operation] A MILLION FIELDS
3/9/2017 6:11:11 PM [Operation] QUIET TITLE
3/9/2017 6:11:11 PM [Operation] SEA OF CHANGE
3/9/2017 6:11:11 PM [Operation] QUIET COMMAND
3/9/2017 6:11:11 PM [Operation] SOUTHERN LEGEN
3/9/2017 6:11:11 PM [Operation] SILENT PIPE
3/9/2017 6:11:11 PM [Operation] CAJUN DUST
3/9/2017 6:11:11 PM [Operation] WAYSTOGEAUX
3/9/2017 6:11:11 PM [Operation] GATOR DAWG
3/9/2017 6:11:11 PM [Operation] TRICKY AND QUICK
3/9/2017 6:11:11 PM [Operation] BLACK AND FANCY
3/9/2017 6:11:11 PM [Operation] RECOVERY GIRL
3/9/2017 6:11:11 PM [Operation] ADANCE FOR ADELE
3/9/2017 6:11:11 PM [Operation] BLACK AND FANCY
3/9/2017 6:11:11 PM [Operation] RECOVERY GIRL
3/9/2017 6:11:11 PM [Operation] ADANCE FOR ADELE
3/9/2017 6:11:11 PM [Operation] FIRST PLACE GRACE
3/9/2017 6:11:11 PM [Operation] BLACK AND FANCY
3/9/2017 6:11:11 PM [Operation] RECOVERY GIRL
3/9/2017 6:11:11 PM [Operation] ADANCE FOR ADELE
3/9/2017 6:11:11 PM [Operation] FIRST PLACE GRACE
3/9/2017 6:11:11 PM [Operation] FEAR NO MORE
3/9/2017 6:11:11 PM [Operation] BLACK AND FANCY
3/9/2017 6:11:11 PM [Operation] RECOVERY GIRL
3/9/2017 6:11:11 PM [Operation] ADANCE FOR ADELE
3/9/2017 6:11:11 PM [Operation] LADY LOHR
3/9/2017 6:11:11 PM [Operation] LANDS N TRADITIONS
3/9/2017 6:11:11 PM [Operation] SARA'S VIRTUE
3/9/2017 6:11:11 PM [Operation] FLORIDA WILDCAT
3/9/2017 6:11:11 PM [Operation] STORMY BEAUTY
3/9/2017 6:11:11 PM [Operation] STEEL HAMMER
3/9/2017 6:11:11 PM [Operation] ETZEME
3/9/2017 6:11:11 PM [Operation] WINSTON C
3/9/2017 6:11:11 PM [Operation] COMMITMENT LETTER
3/9/2017 6:11:11 PM [Operation] SCORCHER
3/9/2017 6:11:11 PM [Operation] LITTLE BAILEY
3/9/2017 6:11:11 PM [Operation] FRENCH CONCORDE
3/9/2017 6:11:11 PM [Operation] RED CANDY
3/9/2017 6:11:11 PM [Operation] GINAGAIN
3/9/2017 6:11:11 PM [Operation] LANDS N TRADITIONS
3/9/2017 6:11:11 PM [Operation] SARA'S VIRTUE
3/9/2017 6:11:11 PM [Operation] FLORIDA WILDCAT
3/9/2017 6:11:11 PM [Operation] STORMY BEAUTY
3/9/2017 6:11:11 PM [Operation] STEEL HAMMER
3/9/2017 6:11:11 PM [Operation] ETZEME
3/9/2017 6:11:11 PM [Operation] WINSTON C
3/9/2017 6:11:11 PM [Operation] COMMITMENT LETTER
3/9/2017 6:11:11 PM [Operation] SCORCHER
3/9/2017 6:11:11 PM [Operation] LITTLE BAILEY
3/9/2017 6:11:11 PM [Operation] FRENCH CONCORDE
3/9/2017 6:11:11 PM [Operation] RED CANDY
3/9/2017 6:11:11 PM [Operation] GINAGAIN
3/9/2017 6:11:11 PM [Operation] LANDS N TRADITIONS
3/9/2017 6:11:11 PM [Operation] SARA'S VIRTUE
3/9/2017 6:11:11 PM [Operation] FLORIDA WILDCAT
3/9/2017 6:11:11 PM [Operation] STORMY BEAUTY
3/9/2017 6:11:11 PM [Operation] STEEL HAMMER
3/9/2017 6:11:11 PM [Operation] ETZEME
3/9/2017 6:11:11 PM [Operation] WINSTON C
3/9/2017 6:11:11 PM [Operation] COMMITMENT LETTER
3/9/2017 6:11:11 PM [Operation] SCORCHER
3/9/2017 6:11:11 PM [Operation] SILVER WINGS
3/9/2017 6:11:11 PM [Operation] LITTLE BAILEY
3/9/2017 6:11:11 PM [Operation] FRENCH CONCORDE
3/9/2017 6:11:11 PM [Operation] RED CANDY
3/9/2017 6:11:11 PM [Operation] GINAGAIN
3/9/2017 6:11:11 PM [Operation] LANDS N TRADITIONS
3/9/2017 6:11:11 PM [Operation] SARA'S VIRTUE
3/9/2017 6:11:11 PM [Operation] FLORIDA WILDCAT
3/9/2017 6:11:11 PM [Operation] STORMY BEAUTY
3/9/2017 6:11:11 PM [Operation] STEEL HAMMER
3/9/2017 6:11:11 PM [Operation] ETZEME
3/9/2017 6:11:11 PM [Operation] WINSTON C
3/9/2017 6:11:11 PM [Operation] COMMITMENT LETTER
3/9/2017 6:11:11 PM [Operation] SCORCHER
3/9/2017 6:11:11 PM [Operation] SILVER WINGS
3/9/2017 6:11:11 PM [Operation] LITTLE BAILEY
3/9/2017 6:11:11 PM [Operation] FRENCH CONCORDE
3/9/2017 6:11:11 PM [Operation] RED CANDY
3/9/2017 6:11:11 PM [Operation] GINAGAIN
3/9/2017 6:11:11 PM [Operation] DIXIE PIXIE
3/9/2017 6:11:11 PM [Operation] BUDDYLIGHT
3/9/2017 6:11:11 PM [Operation] VIKING
3/9/2017 6:11:11 PM [Operation] RIGAMARO
3/9/2017 6:11:11 PM [Operation] SILKEN PRINCE
3/9/2017 6:11:11 PM [Operation] DONT TOUCH MY GOLD
3/9/2017 6:11:11 PM [Operation] TOTAL PACKAGE
3/9/2017 6:11:11 PM [Operation] DIXIE PIXIE
3/9/2017 6:11:11 PM [Operation] BUDDYLIGHT
3/9/2017 6:11:11 PM [Operation] VIKING
3/9/2017 6:11:11 PM [Operation] RIGAMARO
3/9/2017 6:11:11 PM [Operation] SILKEN PRINCE
3/9/2017 6:11:11 PM [Operation] DONT TOUCH MY GOLD
3/9/2017 6:11:11 PM [Operation] TOTAL PACKAGE
3/9/2017 6:11:11 PM [Operation] DIXIE PIXIE
3/9/2017 6:11:11 PM [Operation] BUDDYLIGHT
3/9/2017 6:11:11 PM [Operation] VIKING
3/9/2017 6:11:11 PM [Operation] RIGAMARO
3/9/2017 6:11:11 PM [Operation] TILLO
3/9/2017 6:11:11 PM [Operation] SILKEN PRINCE
3/9/2017 6:11:11 PM [Operation] DONT TOUCH MY GOLD
3/9/2017 6:11:11 PM [Operation] TOTAL PACKAGE
3/9/2017 6:11:11 PM [Operation] DIXIE PIXIE
3/9/2017 6:11:11 PM [Operation] BUDDYLIGHT
3/9/2017 6:11:11 PM [Operation] VIKING
3/9/2017 6:11:11 PM [Operation] RIGAMARO
3/9/2017 6:11:11 PM [Operation] SANCERRE
3/9/2017 6:11:11 PM [Operation] TILLO
3/9/2017 6:11:11 PM [Operation] SILKEN PRINCE
3/9/2017 6:11:11 PM [Operation] DONT TOUCH MY GOLD
3/9/2017 6:11:11 PM [Operation] MISS TEXAS SWEETIE
3/9/2017 6:11:11 PM [Operation] EXCUSE DE JURE
3/9/2017 6:11:11 PM [Operation] OFFICE MORGAN
3/9/2017 6:11:11 PM [Operation] SLAMA JAMA SLEW
3/9/2017 6:11:11 PM [Operation] CACTUS FLOWERS
3/9/2017 6:11:11 PM [Operation] GREEN BRIAR KITTY
3/9/2017 6:11:11 PM [Operation] ALI'S INCLUDED
3/9/2017 6:11:11 PM [Operation] MISS TEXAS SWEETIE
3/9/2017 6:11:11 PM [Operation] EXCUSE DE JURE
3/9/2017 6:11:11 PM [Operation] OFFICE MORGAN
3/9/2017 6:11:11 PM [Operation] SLAMA JAMA SLEW
3/9/2017 6:11:11 PM [Operation] CACTUS FLOWERS
3/9/2017 6:11:11 PM [Operation] GREEN BRIAR KITTY
3/9/2017 6:11:11 PM [Operation] ALI'S INCLUDED
3/9/2017 6:11:11 PM [Operation] MISS TEXAS SWEETIE
3/9/2017 6:11:11 PM [Operation] EXCUSE DE JURE
3/9/2017 6:11:11 PM [Operation] OFFICE MORGAN
3/9/2017 6:11:11 PM [Operation] SLAMA JAMA SLEW
3/9/2017 6:11:11 PM [Operation] CACTUS FLOWERS
3/9/2017 6:11:11 PM [Operation] GREEN BRIAR KITTY
3/9/2017 6:11:11 PM [Operation] ALI'S INCLUDED
3/9/2017 6:11:11 PM [Operation] MISS TEXAS SWEETIE
3/9/2017 6:11:11 PM [Operation] FABULOUS HEART
3/9/2017 6:11:11 PM [Operation] EXCUSE DE JURE
3/9/2017 6:11:11 PM [Operation] OFFICE MORGAN
3/9/2017 6:11:11 PM [Operation] SLAMA JAMA SLEW
3/9/2017 6:11:11 PM [Operation] CACTUS FLOWERS
3/9/2017 6:11:11 PM [Operation] GREEN BRIAR KITTY
3/9/2017 6:11:11 PM [Operation] ALI'S INCLUDED
3/9/2017 6:11:11 PM [Operation] MISS TEXAS SWEETIE
3/9/2017 6:11:11 PM [Operation] FABULOUS HEART
3/9/2017 6:11:11 PM [Operation] EXCUSE DE JURE
3/9/2017 6:11:11 PM [Operation] OFFICE MORGAN
3/9/2017 6:11:11 PM [Operation] SLAMA JAMA SLEW
3/9/2017 6:11:11 PM [Operation] CACTUS FLOWERS
3/9/2017 6:11:11 PM [Operation] GREEN BRIAR KITTY
3/9/2017 6:11:11 PM [Operation] ALI'S INCLUDED
3/9/2017 6:11:11 PM [Operation] MISS TEXAS SWEETIE
3/9/2017 6:11:11 PM [Operation] FABULOUS HEART
3/9/2017 6:11:11 PM [Operation] EXCUSE DE JURE
3/9/2017 6:11:11 PM [Operation] OFFICE MORGAN
3/9/2017 6:11:11 PM [Operation] SLAMA JAMA SLEW
3/9/2017 6:11:11 PM [Operation] CACTUS FLOWERS
3/9/2017 6:11:11 PM [Operation] GREEN BRIAR KITTY
3/9/2017 6:11:11 PM [Operation] ALI'S INCLUDED
3/9/2017 6:11:11 PM [Operation] MISS TEXAS SWEETIE
3/9/2017 6:11:11 PM [Operation] FABULOUS HEART
3/9/2017 6:11:11 PM [Operation] EXCUSE DE JURE
3/9/2017 6:11:11 PM [Operation] OFFICE MORGAN
3/9/2017 6:11:11 PM [Operation] SLAMA JAMA SLEW
3/9/2017 6:11:11 PM [Operation] CACTUS FLOWERS
3/9/2017 6:11:11 PM [Operation] GREEN BRIAR KITTY
3/9/2017 6:11:11 PM [Operation] ALI'S INCLUDED
3/9/2017 6:11:11 PM [Operation] GRAND TOPPER
3/9/2017 6:11:11 PM [Operation] LUCKY FITZ
3/9/2017 6:11:11 PM [Operation] SHESNOWSALL
3/9/2017 6:11:11 PM [Operation] GRAND TOPPER
3/9/2017 6:11:11 PM [Operation] LUCKY FITZ
3/9/2017 6:11:11 PM [Operation] SHESNOWSALL
3/9/2017 6:11:11 PM [Operation] LOVE THOSE CDS
3/9/2017 6:11:11 PM [Operation] VARBOROUGH
3/9/2017 6:11:11 PM [Operation] PYRO CITY
3/9/2017 6:11:11 PM [Operation] LOVE THOSE CDS
3/9/2017 6:11:11 PM [Operation] VARBOROUGH
3/9/2017 6:11:11 PM [Operation] PYRO CITY
3/9/2017 6:11:11 PM [Operation] MYRASIRA
3/9/2017 6:11:11 PM [Operation] LOVE THOSE CDS
3/9/2017 6:11:11 PM [Operation] VARBOROUGH
3/9/2017 6:11:11 PM [Operation] PYRO CITY
3/9/2017 6:11:11 PM [Operation] MYRASIRA
3/9/2017 6:11:11 PM [Operation] LOVE THOSE CDS
3/9/2017 6:11:11 PM [Operation] VARBOROUGH
3/9/2017 6:11:11 PM [Operation] PYRO CITY
3/9/2017 6:11:11 PM [Operation] MYRASIRA
3/9/2017 6:11:11 PM [Operation] STICKY CACTUS
3/9/2017 6:11:11 PM [Operation] BOOGITY BOOG
3/9/2017 6:11:11 PM [Operation] SIGNAL FLAG
3/9/2017 6:11:11 PM [Operation] STICKY CACTUS
3/9/2017 6:11:11 PM [Operation] BOOGITY BOOG
3/9/2017 6:11:11 PM [Operation] SIGNAL FLAG
3/9/2017 6:11:11 PM [Operation] PANDERING
3/9/2017 6:11:11 PM [Operation] ZARBY'S HOME
3/9/2017 6:11:11 PM [Operation] DORVAN
3/9/2017 6:11:11 PM [Operation] ANTHONY
3/9/2017 6:11:11 PM [Operation] PANDERING
3/9/2017 6:11:11 PM [Operation] ZARBY'S HOME
3/9/2017 6:11:11 PM [Operation] DORVAN
3/9/2017 6:11:11 PM [Operation] ANTHONY
3/9/2017 6:11:11 PM [Operation] PANDERING
3/9/2017 6:11:11 PM [Operation] ZARBY'S HOME
3/9/2017 6:11:11 PM [Operation] DORVAN
3/9/2017 6:11:11 PM [Operation] BITTER TRUTH
3/9/2017 6:11:11 PM [Operation] ANTHONY
3/9/2017 6:11:11 PM [Operation] L'AFFAIRE
3/9/2017 6:11:11 PM [Operation] SUMKIN
3/9/2017 6:11:11 PM [Operation] APIANUS
3/9/2017 6:11:11 PM [Operation] L'AFFAIRE
3/9/2017 6:11:11 PM [Operation] SUMKIN
3/9/2017 6:11:11 PM [Operation] APIANUS
3/9/2017 6:11:11 PM [Operation] L'AFFAIRE
3/9/2017 6:11:11 PM [Operation] SUMKIN
3/9/2017 6:11:11 PM [Operation] APIANUS
3/9/2017 6:11:11 PM [Operation] L'AFFAIRE
3/9/2017 6:11:11 PM [Operation] SUMKIN
3/9/2017 6:11:11 PM [Operation] APIANUS
3/9/2017 6:11:11 PM [Operation] L'AFFAIRE
3/9/2017 6:11:11 PM [Operation] SUMKIN
3/9/2017 6:11:11 PM [Operation] APIANUS
3/9/2017 6:11:11 PM [Operation] L'AFFAIRE
3/9/2017 6:11:11 PM [Operation] SUMKIN
3/9/2017 6:11:11 PM [Operation] MOONOVERMANHATTAN
3/9/2017 6:11:11 PM [Operation] KATE WINSALOT
3/9/2017 6:11:11 PM [Operation] KATE WINSALOT
3/9/2017 6:11:11 PM [Operation] BROTHER MAN
3/9/2017 6:11:11 PM [Operation] DURF
3/9/2017 6:11:11 PM [Operation] KATE WINSALOT
3/9/2017 6:11:11 PM [Operation] SHAKALAKA
3/9/2017 6:11:11 PM [Operation] BROTHER MAN
3/9/2017 6:11:11 PM [Operation] DURF
3/9/2017 6:11:11 PM [Operation] KATE WINSALOT
3/9/2017 6:11:11 PM [Operation] SHAKALAKA
3/9/2017 6:11:11 PM [Operation] BROTHER MAN
3/9/2017 6:11:11 PM [Operation] TATANKA
3/9/2017 6:11:11 PM [Operation] DURF
3/9/2017 6:11:11 PM [Operation] SIR DANCE A LOT
3/9/2017 6:11:11 PM [Operation] BERRY BERRY BUENO
3/9/2017 6:11:11 PM [Operation] CREME DELA SUANCES
3/9/2017 6:11:11 PM [Operation] POSSE IN EFFECT
3/9/2017 6:11:11 PM [Operation] BERENGARIA
3/9/2017 6:11:11 PM [Operation] ANN'S SMART DANCER
3/9/2017 6:11:11 PM [Operation] CORALINE
3/9/2017 6:11:11 PM [Operation] SIR DANCE A LOT
3/9/2017 6:11:11 PM [Operation] GET MORE MONEY
3/9/2017 6:11:11 PM [Operation] BERRY BERRY BUENO
3/9/2017 6:11:11 PM [Operation] CREME DELA SUANCES
3/9/2017 6:11:11 PM [Operation] POSSE IN EFFECT
3/9/2017 6:11:11 PM [Operation] MARCIANNIE
3/9/2017 6:11:11 PM [Operation] BERENGARIA
3/9/2017 6:11:11 PM [Operation] ANN'S SMART DANCER
3/9/2017 6:11:11 PM [Operation] CORALINE
3/9/2017 6:11:11 PM [Operation] FEATURE MS JESSY
3/9/2017 6:11:11 PM [Operation] OSU COWBOY ATTITUDE
3/9/2017 6:11:11 PM [Operation] DALTS MONEY MAKER
3/9/2017 6:11:11 PM [Operation] FEATURE MS JESSY
3/9/2017 6:11:11 PM [Operation] OSU COWBOY ATTITUDE
3/9/2017 6:11:11 PM [Operation] DALTS MONEY MAKER
3/9/2017 6:11:11 PM [Operation] FEATURE MS JESSY
3/9/2017 6:11:11 PM [Operation] DOUBLE ACCEL
3/9/2017 6:11:11 PM [Operation] OSU COWBOY ATTITUDE
3/9/2017 6:11:11 PM [Operation] DALTS MONEY MAKER
3/9/2017 6:11:11 PM [Operation] FEATURE MS JESSY
3/9/2017 6:11:11 PM [Operation] DOUBLE ACCEL
3/9/2017 6:11:11 PM [Operation] OSU COWBOY ATTITUDE
3/9/2017 6:11:11 PM [Operation] DALTS MONEY MAKER
3/9/2017 6:11:11 PM [Operation] BLUE DESERT ROSE
3/9/2017 6:11:11 PM [Operation] FEATURE MS JESSY
3/9/2017 6:11:11 PM [Operation] DOUBLE ACCEL
3/9/2017 6:11:11 PM [Operation] OSU COWBOY ATTITUDE
3/9/2017 6:11:11 PM [Operation] FIRST KOOL CHICK
3/9/2017 6:11:11 PM [Operation] DALTS MONEY MAKER
3/9/2017 6:11:11 PM [Operation] BLUE DESERT ROSE
3/9/2017 6:11:11 PM [Operation] FEATURE MS JESSY
3/9/2017 6:11:11 PM [Operation] DOUBLE ACCEL
3/9/2017 6:11:11 PM [Operation] OSU COWBOY ATTITUDE
3/9/2017 6:11:11 PM [Operation] FIRST KOOL CHICK
3/9/2017 6:11:11 PM [Operation] DALTS MONEY MAKER
3/9/2017 6:11:11 PM [Operation] BLUE DESERT ROSE
3/9/2017 6:11:11 PM [Operation] WILLIE MOSCONI
3/9/2017 6:11:11 PM [Operation] MS
3/9/2017 6:11:11 PM [Operation] G
3/9/2017 6:11:11 PM [Operation] I
3/9/2017 6:11:11 PM [Operation] JANE
3/9/2017 6:11:11 PM [Operation] MELISSA ROSE
3/9/2017 6:11:11 PM [Operation] MS
3/9/2017 6:11:11 PM [Operation] G
3/9/2017 6:11:11 PM [Operation] I
3/9/2017 6:11:11 PM [Operation] JANE
3/9/2017 6:11:11 PM [Operation] MELISSA ROSE
3/9/2017 6:11:11 PM [Operation] MS
3/9/2017 6:11:11 PM [Operation] G
3/9/2017 6:11:11 PM [Operation] I
3/9/2017 6:11:11 PM [Operation] JANE
3/9/2017 6:11:11 PM [Operation] CHEETAH WOODS
3/9/2017 6:11:11 PM [Operation] GEIGERMEISTER
3/9/2017 6:11:11 PM [Operation] GOLDEN PROSPECTOR
3/9/2017 6:11:11 PM [Operation] PROSPECTIVE LOVE
3/9/2017 6:11:11 PM [Operation] CHEETAH WOODS
3/9/2017 6:11:11 PM [Operation] GEIGERMEISTER
3/9/2017 6:11:11 PM [Operation] GOLDEN PROSPECTOR
3/9/2017 6:11:11 PM [Operation] PROSPECTIVE LOVE
3/9/2017 6:11:11 PM [Operation] CHEETAH WOODS
3/9/2017 6:11:11 PM [Operation] GEIGERMEISTER
3/9/2017 6:11:11 PM [Operation] GOLDEN PROSPECTOR
3/9/2017 6:11:11 PM [Operation] PROSPECTIVE LOVE
3/9/2017 6:11:11 PM [Operation] CHEETAH WOODS
3/9/2017 6:11:11 PM [Operation] GEIGERMEISTER
3/9/2017 6:11:11 PM [Operation] GOLDEN PROSPECTOR
3/9/2017 6:11:11 PM [Operation] UNO FRONTERA
3/9/2017 6:11:11 PM [Operation] PROSPECTIVE LOVE
3/9/2017 6:11:11 PM [Operation] CHEETAH WOODS
3/9/2017 6:11:11 PM [Operation] GEIGERMEISTER
3/9/2017 6:11:11 PM [Operation] GOLDEN PROSPECTOR
3/9/2017 6:11:11 PM [Operation] M P STORM MANIA
3/9/2017 6:11:11 PM [Operation] UNO FRONTERA
3/9/2017 6:11:11 PM [Operation] PROSPECTIVE LOVE
3/9/2017 6:11:11 PM [Operation] LEROY'S PRIDE
3/9/2017 6:11:11 PM [Operation] CARBON COUNTY
3/9/2017 6:11:11 PM [Operation] ZEE ARE ONE
3/9/2017 6:11:11 PM [Operation] SPANISH BLUES
3/9/2017 6:11:11 PM [Operation] DREAMSPELL
3/9/2017 6:11:11 PM [Operation] BOBBIESQUEEN
3/9/2017 6:11:11 PM [Operation] LEROY'S PRIDE
3/9/2017 6:11:11 PM [Operation] CARBON COUNTY
3/9/2017 6:11:11 PM [Operation] ZEE ARE ONE
3/9/2017 6:11:11 PM [Operation] SPANISH BLUES
3/9/2017 6:11:11 PM [Operation] DREAMSPELL
3/9/2017 6:11:11 PM [Operation] JEWELS VERDE
3/9/2017 6:11:11 PM [Operation] SWEETDREAMSGALLORE
3/9/2017 6:11:11 PM [Operation] BOBBIESQUEEN
3/9/2017 6:11:11 PM [Operation] LEROY'S PRIDE
3/9/2017 6:11:11 PM [Operation] CARBON COUNTY
3/9/2017 6:11:11 PM [Operation] ZEE ARE ONE
3/9/2017 6:11:11 PM [Operation] SPANISH BLUES
3/9/2017 6:11:11 PM [Operation] DREAMSPELL
3/9/2017 6:11:11 PM [Operation] JEWELS VERDE
3/9/2017 6:11:11 PM [Operation] SWEETDREAMSGALLORE
3/9/2017 6:11:11 PM [Operation] BOBBIESQUEEN
3/9/2017 6:11:11 PM [Operation] LEROY'S PRIDE
3/9/2017 6:11:11 PM [Operation] CARBON COUNTY
3/9/2017 6:11:11 PM [Operation] ZEE ARE ONE
3/9/2017 6:11:11 PM [Operation] SPANISH BLUES
3/9/2017 6:11:11 PM [Operation] DREAMSPELL
3/9/2017 6:11:11 PM [Operation] JEWELS VERDE
3/9/2017 6:11:11 PM [Operation] SWEETDREAMSGALLORE
3/9/2017 6:11:11 PM [Operation] BOBBIESQUEEN
3/9/2017 6:11:11 PM [Operation] LEROY'S PRIDE
3/9/2017 6:11:11 PM [Operation] CARBON COUNTY
3/9/2017 6:11:11 PM [Operation] ZEE ARE ONE
3/9/2017 6:11:11 PM [Operation] SPANISH BLUES
3/9/2017 6:11:11 PM [Operation] DREAMSPELL
3/9/2017 6:11:11 PM [Operation] JEWELS VERDE
3/9/2017 6:11:11 PM [Operation] SWEETDREAMSGALLORE
3/9/2017 6:11:11 PM [Operation] BOBBIESQUEEN
3/9/2017 6:11:11 PM [Operation] LEROY'S PRIDE
3/9/2017 6:11:11 PM [Operation] CARBON COUNTY
3/9/2017 6:11:11 PM [Operation] ZEE ARE ONE
3/9/2017 6:11:11 PM [Operation] SPANISH BLUES
3/9/2017 6:11:11 PM [Operation] DREAMSPELL
3/9/2017 6:11:11 PM [Operation] JEWELS VERDE
3/9/2017 6:11:11 PM [Operation] SWEETDREAMSGALLORE
3/9/2017 6:11:11 PM [Operation] BOBBIESQUEEN
3/9/2017 6:11:11 PM [Operation] LEROY'S PRIDE
3/9/2017 6:11:11 PM [Operation] CARBON COUNTY
3/9/2017 6:11:11 PM [Operation] ZEE ARE ONE
3/9/2017 6:11:11 PM [Operation] SPANISH BLUES
3/9/2017 6:11:11 PM [Operation] DREAMSPELL
3/9/2017 6:11:11 PM [Operation] JEWELS VERDE
3/9/2017 6:11:11 PM [Operation] SWEETDREAMSGALLORE
3/9/2017 6:11:11 PM [Operation] G AREYOUKIDDING
3/9/2017 6:11:11 PM [Operation] CINDY ANDY
3/9/2017 6:11:11 PM [Operation] SIGNING OFF
3/9/2017 6:11:11 PM [Operation] SOTOLUCO
3/9/2017 6:11:11 PM [Operation] HALF POT
3/9/2017 6:11:11 PM [Operation] YOURLUCKYTOHAVEME
3/9/2017 6:11:11 PM [Operation] A GIANT FOR JESTER
3/9/2017 6:11:11 PM [Operation] G AREYOUKIDDING
3/9/2017 6:11:11 PM [Operation] CINDY ANDY
3/9/2017 6:11:11 PM [Operation] SIGNING OFF
3/9/2017 6:11:11 PM [Operation] COLONEL POTTER
3/9/2017 6:11:11 PM [Operation] SOTOLUCO
3/9/2017 6:11:11 PM [Operation] HALF POT
3/9/2017 6:11:11 PM [Operation] YOURLUCKYTOHAVEME
3/9/2017 6:11:11 PM [Operation] A GIANT FOR JESTER
3/9/2017 6:11:11 PM [Operation] G AREYOUKIDDING
3/9/2017 6:11:11 PM [Operation] CINDY ANDY
3/9/2017 6:11:11 PM [Operation] SIGNING OFF
3/9/2017 6:11:11 PM [Operation] COLONEL POTTER
3/9/2017 6:11:11 PM [Operation] SOTOLUCO
3/9/2017 6:11:11 PM [Operation] HALF POT
3/9/2017 6:11:11 PM [Operation] YOURLUCKYTOHAVEME
3/9/2017 6:11:11 PM [Operation] A GIANT FOR JESTER
3/9/2017 6:11:11 PM [Operation] G AREYOUKIDDING
3/9/2017 6:11:11 PM [Operation] CINDY ANDY
3/9/2017 6:11:11 PM [Operation] SIGNING OFF
3/9/2017 6:11:11 PM [Operation] COLONEL POTTER
3/9/2017 6:11:11 PM [Operation] SOTOLUCO
3/9/2017 6:11:11 PM [Operation] HALF POT
3/9/2017 6:11:11 PM [Operation] YOURLUCKYTOHAVEME
3/9/2017 6:11:11 PM [Operation] A GIANT FOR JESTER
3/9/2017 6:11:11 PM [Operation] G AREYOUKIDDING
3/9/2017 6:11:11 PM [Operation] CINDY ANDY
3/9/2017 6:11:11 PM [Operation] SIGNING OFF
3/9/2017 6:11:11 PM [Operation] COLONEL POTTER
3/9/2017 6:11:11 PM [Operation] SOTOLUCO
3/9/2017 6:11:11 PM [Operation] HALF POT
3/9/2017 6:11:11 PM [Operation] YOURLUCKYTOHAVEME
3/9/2017 6:11:11 PM [Operation] A GIANT FOR JESTER
3/9/2017 6:11:11 PM [Operation] G AREYOUKIDDING
3/9/2017 6:11:11 PM [Operation] CINDY ANDY
3/9/2017 6:11:11 PM [Operation] SIGNING OFF
3/9/2017 6:11:11 PM [Operation] COLONEL POTTER
3/9/2017 6:11:11 PM [Operation] SOTOLUCO
3/9/2017 6:11:11 PM [Operation] SASYBEY
3/9/2017 6:11:11 PM [Operation] HALF POT
3/9/2017 6:11:11 PM [Operation] YOURLUCKYTOHAVEME
3/9/2017 6:11:11 PM [Operation] A GIANT FOR JESTER
3/9/2017 6:11:11 PM [Operation] BF IVORY SHOWERS
3/9/2017 6:11:11 PM [Operation] THE PHENOM
3/9/2017 6:11:11 PM [Operation] SHES AMARTINILOVER
3/9/2017 6:11:11 PM [Operation] CRUSADEN
3/9/2017 6:11:11 PM [Operation] BF IVORY SHOWERS
3/9/2017 6:11:11 PM [Operation] HEADED FOR HOME
3/9/2017 6:11:11 PM [Operation] THE PHENOM
3/9/2017 6:11:11 PM [Operation] SHES AMARTINILOVER
3/9/2017 6:11:11 PM [Operation] CRUSADEN
3/9/2017 6:11:11 PM [Operation] BF IVORY SHOWERS
3/9/2017 6:11:11 PM [Operation] HEADED FOR HOME
3/9/2017 6:11:11 PM [Operation] THE PHENOM
3/9/2017 6:11:11 PM [Operation] SHES AMARTINILOVER
3/9/2017 6:11:11 PM [Operation] CRUSADEN
3/9/2017 6:11:11 PM [Operation] Import Todays HDW For Reports 
3/9/2017 6:11:12 PM [Operation] UpdateSpeedPoints
3/9/2017 6:11:32 PM [Operation] IndexToday
3/9/2017 6:11:39 PM [Operation] IndexPedigree
3/9/2017 6:11:52 PM [Operation] qryUpdateEntryOwnerFromXrefTrainer
3/9/2017 6:11:52 PM [Operation] qryUpdateIVRankingAndFinalOrderTables-End
3/9/2017 6:11:52 PM [Operation] UpdateSuperJockeyTrainer
3/9/2017 6:11:54 PM [Operation] UpdateATL
3/9/2017 6:11:56 PM [Operation] UpdateNbrOfStarters
3/9/2017 6:11:57 PM [Operation] Set Liners
3/9/2017 6:12:00 PM [Operation] UpdateTopFigures
3/9/2017 6:12:01 PM [Operation] UpdatePaceAdvantage
3/9/2017 6:12:02 PM [Operation] UpdateTipSheetSelections
3/9/2017 6:12:11 PM [Operation] UpdateTodaysWagerWinPct
3/9/2017 6:12:25 PM [Operation] UpdateTodaysWagerWinPct
3/9/2017 6:12:41 PM [Operation] UpdateTodaysWagerWinPctRank
3/9/2017 6:12:51 PM [Operation] UpdateReportSelections
3/9/2017 6:12:54 PM [Operation] UpdateGimmicks
3/9/2017 6:13:06 PM [Operation] UpdateATL
3/9/2017 6:13:08 PM [Operation] UpdateHHFromToday
3/9/2017 6:13:18 PM [Operation] Create Reports 
3/9/2017 6:13:26 PM [Operation] CreateWagers
3/9/2017 6:13:26 PM [Operation] Create TSN Reports - Start
3/9/2017 9:27:21 PM [Operation] Process TSN MultiCaps _ C:\HDWDOWNLOAD\JCP\CTX0309.JCP
3/9/2017 9:27:23 PM [Operation] Process TSN ProCaps - C:\HDWDOWNLOAD\JCP\CTX0309.JCP
3/9/2017 9:27:24 PM [Operation] Process TSN MultiCaps _ C:\HDWDOWNLOAD\JCP\DED0309.JCP
3/9/2017 9:27:28 PM [Operation] Process TSN ProCaps - C:\HDWDOWNLOAD\JCP\DED0309.JCP
3/9/2017 9:27:30 PM [Operation] Process TSN MultiCaps _ C:\HDWDOWNLOAD\JCP\FGX0309.JCP
3/9/2017 9:27:33 PM [Operation] Process TSN ProCaps - C:\HDWDOWNLOAD\JCP\FGX0309.JCP
3/9/2017 9:27:35 PM [Operation] Process TSN MultiCaps _ C:\HDWDOWNLOAD\JCP\GGX0309.JCP
3/9/2017 9:27:36 PM [Operation] Process TSN ProCaps - C:\HDWDOWNLOAD\JCP\GGX0309.JCP
3/9/2017 9:27:37 PM [Operation] Process TSN MultiCaps _ C:\HDWDOWNLOAD\JCP\GPX0309.JCP
3/9/2017 9:27:40 PM [Operation] Process TSN ProCaps - C:\HDWDOWNLOAD\JCP\GPX0309.JCP
3/9/2017 9:27:42 PM [Operation] Process TSN MultiCaps _ C:\HDWDOWNLOAD\JCP\OPX0309.JCP
3/9/2017 9:27:45 PM [Operation] Process TSN ProCaps - C:\HDWDOWNLOAD\JCP\OPX0309.JCP
3/9/2017 9:27:47 PM [Operation] Process TSN MultiCaps _ C:\HDWDOWNLOAD\JCP\PEN0309.JCP
3/9/2017 9:27:49 PM [Operation] Process TSN ProCaps - C:\HDWDOWNLOAD\JCP\PEN0309.JCP
3/9/2017 9:27:51 PM [Operation] Process TSN MultiCaps _ C:\HDWDOWNLOAD\JCP\SAX0309.JCP
3/9/2017 9:27:53 PM [Operation] Process TSN ProCaps - C:\HDWDOWNLOAD\JCP\SAX0309.JCP
3/9/2017 9:27:54 PM [Operation] Process TSN MultiCaps _ C:\HDWDOWNLOAD\JCP\TPX0309.JCP
3/9/2017 9:27:57 PM [Operation] Process TSN ProCaps - C:\HDWDOWNLOAD\JCP\TPX0309.JCP
3/9/2017 9:28:00 PM [Operation] DeleteNonContenders
3/9/2017 9:28:00 PM [Operation] Import Todays TSN Changes 
3/9/2017 9:28:01 PM [Operation] BRAVO ROMEO
3/9/2017 9:28:01 PM [Operation] PEACEADAACTION
3/9/2017 9:28:01 PM [Operation] HAVE YOU EVER
3/9/2017 9:28:01 PM [Operation] ROAD TO LOVE
3/9/2017 9:28:01 PM [Operation] GUYANA PRESIDENT
3/9/2017 9:28:01 PM [Operation] MIGHTYLOVER
3/9/2017 9:28:01 PM [Operation] DIGITAL JOE
3/9/2017 9:28:01 PM [Operation] SWEET PENNY
3/9/2017 9:28:01 PM [Operation] CRESCENT SHORE
3/9/2017 9:28:01 PM [Operation] THE VIN MAN
3/9/2017 9:28:01 PM [Operation] WILDLEE SPECIAL
3/9/2017 9:28:01 PM [Operation] WADI SUKI
3/9/2017 9:28:01 PM [Operation] BRAVO ROMEO
3/9/2017 9:28:01 PM [Operation] PEACEADAACTION
3/9/2017 9:28:01 PM [Operation] HAVE YOU EVER
3/9/2017 9:28:01 PM [Operation] ROAD TO LOVE
3/9/2017 9:28:01 PM [Operation] GUYANA PRESIDENT
3/9/2017 9:28:01 PM [Operation] MIGHTYLOVER
3/9/2017 9:28:01 PM [Operation] DIGITAL JOE
3/9/2017 9:28:01 PM [Operation] SWEET PENNY
3/9/2017 9:28:01 PM [Operation] CRESCENT SHORE
3/9/2017 9:28:01 PM [Operation] THE VIN MAN
3/9/2017 9:28:01 PM [Operation] WILDLEE SPECIAL
3/9/2017 9:28:01 PM [Operation] WADI SUKI
3/9/2017 9:28:01 PM [Operation] NUTTY WIZARD
3/9/2017 9:28:01 PM [Operation] SHOT GUN MARTY
3/9/2017 9:28:01 PM [Operation] MO'S BRO
3/9/2017 9:28:01 PM [Operation] VALID VENTURE
3/9/2017 9:28:01 PM [Operation] OUR SECOND SLEW
3/9/2017 9:28:01 PM [Operation] SISTER SELECT
3/9/2017 9:28:01 PM [Operation] NUTTY WIZARD
3/9/2017 9:28:01 PM [Operation] SHOT GUN MARTY
3/9/2017 9:28:01 PM [Operation] MO'S BRO
3/9/2017 9:28:01 PM [Operation] VALID VENTURE
3/9/2017 9:28:01 PM [Operation] OUR SECOND SLEW
3/9/2017 9:28:01 PM [Operation] SISTER SELECT
3/9/2017 9:28:01 PM [Operation] NUTTY WIZARD
3/9/2017 9:28:01 PM [Operation] SHOT GUN MARTY
3/9/2017 9:28:01 PM [Operation] MO'S BRO
3/9/2017 9:28:01 PM [Operation] VALID VENTURE
3/9/2017 9:28:01 PM [Operation] OUR SECOND SLEW
3/9/2017 9:28:01 PM [Operation] SISTER SELECT
3/9/2017 9:28:01 PM [Operation] NUTTY WIZARD
3/9/2017 9:28:01 PM [Operation] SHOT GUN MARTY
3/9/2017 9:28:01 PM [Operation] MO'S BRO
3/9/2017 9:28:01 PM [Operation] VALID VENTURE
3/9/2017 9:28:01 PM [Operation] OUR SECOND SLEW
3/9/2017 9:28:01 PM [Operation] SISTER SELECT
3/9/2017 9:28:01 PM [Operation] ORMA SHARP
3/9/2017 9:28:01 PM [Operation] NUTTY WIZARD
3/9/2017 9:28:01 PM [Operation] SHOT GUN MARTY
3/9/2017 9:28:01 PM [Operation] MO'S BRO
3/9/2017 9:28:01 PM [Operation] VALID VENTURE
3/9/2017 9:28:01 PM [Operation] OUR SECOND SLEW
3/9/2017 9:28:01 PM [Operation] SISTER SELECT
3/9/2017 9:28:01 PM [Operation] LAKE G P
3/9/2017 9:28:01 PM [Operation] TIME TO REIGN
3/9/2017 9:28:01 PM [Operation] LUBAVA
3/9/2017 9:28:01 PM [Operation] RILEY'S VOO DOO
3/9/2017 9:28:01 PM [Operation] IMONONE
3/9/2017 9:28:01 PM [Operation] FINEST VELVET
3/9/2017 9:28:01 PM [Operation] EEPOPPORKAHAH
3/9/2017 9:28:01 PM [Operation] TWO JETS WILD
3/9/2017 9:28:01 PM [Operation] RAIL'S GENUINE BOY
3/9/2017 9:28:01 PM [Operation] LAKE G P
3/9/2017 9:28:01 PM [Operation] TIME TO REIGN
3/9/2017 9:28:01 PM [Operation] LUBAVA
3/9/2017 9:28:01 PM [Operation] RILEY'S VOO DOO
3/9/2017 9:28:01 PM [Operation] IMONONE
3/9/2017 9:28:01 PM [Operation] SOUTHERN SHOT
3/9/2017 9:28:01 PM [Operation] FINEST VELVET
3/9/2017 9:28:01 PM [Operation] EEPOPPORKAHAH
3/9/2017 9:28:01 PM [Operation] CARMEN'S MYSTERY
3/9/2017 9:28:01 PM [Operation] ANOTHER NITTY
3/9/2017 9:28:01 PM [Operation] TWO JETS WILD
3/9/2017 9:28:01 PM [Operation] RAIL'S GENUINE BOY
3/9/2017 9:28:01 PM [Operation] LAKE G P
3/9/2017 9:28:01 PM [Operation] TIME TO REIGN
3/9/2017 9:28:01 PM [Operation] LUBAVA
3/9/2017 9:28:01 PM [Operation] RILEY'S VOO DOO
3/9/2017 9:28:01 PM [Operation] IMONONE
3/9/2017 9:28:01 PM [Operation] SOUTHERN SHOT
3/9/2017 9:28:01 PM [Operation] FINEST VELVET
3/9/2017 9:28:01 PM [Operation] EEPOPPORKAHAH
3/9/2017 9:28:01 PM [Operation] CARMEN'S MYSTERY
3/9/2017 9:28:01 PM [Operation] ANOTHER NITTY
3/9/2017 9:28:01 PM [Operation] TWO JETS WILD
3/9/2017 9:28:01 PM [Operation] RAIL'S GENUINE BOY
3/9/2017 9:28:01 PM [Operation] LAKE G P
3/9/2017 9:28:01 PM [Operation] TIME TO REIGN
3/9/2017 9:28:01 PM [Operation] LUBAVA
3/9/2017 9:28:01 PM [Operation] RILEY'S VOO DOO
3/9/2017 9:28:01 PM [Operation] IMONONE
3/9/2017 9:28:01 PM [Operation] SOUTHERN SHOT
3/9/2017 9:28:01 PM [Operation] FINEST VELVET
3/9/2017 9:28:01 PM [Operation] EEPOPPORKAHAH
3/9/2017 9:28:01 PM [Operation] CARMEN'S MYSTERY
3/9/2017 9:28:01 PM [Operation] ANOTHER NITTY
3/9/2017 9:28:01 PM [Operation] TWO JETS WILD
3/9/2017 9:28:01 PM [Operation] RAIL'S GENUINE BOY
3/9/2017 9:28:01 PM [Operation] VLADKAZ
3/9/2017 9:28:01 PM [Operation] JOEYS SUMMER GUN
3/9/2017 9:28:01 PM [Operation] HORN HIGH HUGO
3/9/2017 9:28:01 PM [Operation] OPILINKO
3/9/2017 9:28:01 PM [Operation] MISTER MAYHEM
3/9/2017 9:28:01 PM [Operation] PAZITIVELY PERFECT
3/9/2017 9:28:01 PM [Operation] UNBRIDLED BACCHUS
3/9/2017 9:28:01 PM [Operation] GOHOMEBAY
3/9/2017 9:28:01 PM [Operation] CHICOT BAY
3/9/2017 9:28:01 PM [Operation] LAST WELSH KING
3/9/2017 9:28:01 PM [Operation] KING BANDIT
3/9/2017 9:28:01 PM [Operation] MINESTRONE
3/9/2017 9:28:01 PM [Operation] A T MONEY
3/9/2017 9:28:01 PM [Operation] PRETTY CHARMING
3/9/2017 9:28:01 PM [Operation] FASHIONED
3/9/2017 9:28:01 PM [Operation] A MILLION FIELDS
3/9/2017 9:28:01 PM [Operation] QUIET TITLE
3/9/2017 9:28:01 PM [Operation] SEA OF CHANGE
3/9/2017 9:28:01 PM [Operation] QUIET COMMAND
3/9/2017 9:28:01 PM [Operation] SOUTHERN LEGEN
3/9/2017 9:28:01 PM [Operation] SILENT PIPE
3/9/2017 9:28:01 PM [Operation] CAJUN DUST
3/9/2017 9:28:01 PM [Operation] WAYSTOGEAUX
3/9/2017 9:28:01 PM [Operation] GATOR DAWG
3/9/2017 9:28:01 PM [Operation] TRICKY AND QUICK
3/9/2017 9:28:01 PM [Operation] VLADKAZ
3/9/2017 9:28:01 PM [Operation] JOEYS SUMMER GUN
3/9/2017 9:28:01 PM [Operation] HORN HIGH HUGO
3/9/2017 9:28:01 PM [Operation] OPILINKO
3/9/2017 9:28:01 PM [Operation] MISTER MAYHEM
3/9/2017 9:28:01 PM [Operation] PAZITIVELY PERFECT
3/9/2017 9:28:01 PM [Operation] UNBRIDLED BACCHUS
3/9/2017 9:28:01 PM [Operation] GOHOMEBAY
3/9/2017 9:28:01 PM [Operation] CHICOT BAY
3/9/2017 9:28:01 PM [Operation] LAST WELSH KING
3/9/2017 9:28:01 PM [Operation] KING BANDIT
3/9/2017 9:28:01 PM [Operation] MINESTRONE
3/9/2017 9:28:01 PM [Operation] A T MONEY
3/9/2017 9:28:01 PM [Operation] PRETTY CHARMING
3/9/2017 9:28:01 PM [Operation] FASHIONED
3/9/2017 9:28:01 PM [Operation] A MILLION FIELDS
3/9/2017 9:28:01 PM [Operation] QUIET TITLE
3/9/2017 9:28:01 PM [Operation] SEA OF CHANGE
3/9/2017 9:28:01 PM [Operation] QUIET COMMAND
3/9/2017 9:28:01 PM [Operation] SOUTHERN LEGEN
3/9/2017 9:28:01 PM [Operation] SILENT PIPE
3/9/2017 9:28:01 PM [Operation] CAJUN DUST
3/9/2017 9:28:01 PM [Operation] WAYSTOGEAUX
3/9/2017 9:28:01 PM [Operation] GATOR DAWG
3/9/2017 9:28:01 PM [Operation] TRICKY AND QUICK
3/9/2017 9:28:01 PM [Operation] VLADKAZ
3/9/2017 9:28:01 PM [Operation] JOEYS SUMMER GUN
3/9/2017 9:28:01 PM [Operation] HORN HIGH HUGO
3/9/2017 9:28:01 PM [Operation] OPILINKO
3/9/2017 9:28:01 PM [Operation] MISTER MAYHEM
3/9/2017 9:28:01 PM [Operation] PAZITIVELY PERFECT
3/9/2017 9:28:01 PM [Operation] UNBRIDLED BACCHUS
3/9/2017 9:28:01 PM [Operation] GOHOMEBAY
3/9/2017 9:28:01 PM [Operation] CHICOT BAY
3/9/2017 9:28:01 PM [Operation] LAST WELSH KING
3/9/2017 9:28:01 PM [Operation] KING BANDIT
3/9/2017 9:28:01 PM [Operation] MINESTRONE
3/9/2017 9:28:01 PM [Operation] A T MONEY
3/9/2017 9:28:01 PM [Operation] PRETTY CHARMING
3/9/2017 9:28:01 PM [Operation] FASHIONED
3/9/2017 9:28:01 PM [Operation] A MILLION FIELDS
3/9/2017 9:28:01 PM [Operation] QUIET TITLE
3/9/2017 9:28:01 PM [Operation] SEA OF CHANGE
3/9/2017 9:28:01 PM [Operation] QUIET COMMAND
3/9/2017 9:28:01 PM [Operation] SOUTHERN LEGEN
3/9/2017 9:28:01 PM [Operation] SILENT PIPE
3/9/2017 9:28:01 PM [Operation] CAJUN DUST
3/9/2017 9:28:01 PM [Operation] WAYSTOGEAUX
3/9/2017 9:28:01 PM [Operation] GATOR DAWG
3/9/2017 9:28:01 PM [Operation] TRICKY AND QUICK
3/9/2017 9:28:01 PM [Operation] BLACK AND FANCY
3/9/2017 9:28:01 PM [Operation] RECOVERY GIRL
3/9/2017 9:28:01 PM [Operation] ADANCE FOR ADELE
3/9/2017 9:28:01 PM [Operation] BLACK AND FANCY
3/9/2017 9:28:01 PM [Operation] RECOVERY GIRL
3/9/2017 9:28:01 PM [Operation] ADANCE FOR ADELE
3/9/2017 9:28:01 PM [Operation] FIRST PLACE GRACE
3/9/2017 9:28:01 PM [Operation] BLACK AND FANCY
3/9/2017 9:28:01 PM [Operation] RECOVERY GIRL
3/9/2017 9:28:01 PM [Operation] ADANCE FOR ADELE
3/9/2017 9:28:01 PM [Operation] FIRST PLACE GRACE
3/9/2017 9:28:01 PM [Operation] FEAR NO MORE
3/9/2017 9:28:01 PM [Operation] BLACK AND FANCY
3/9/2017 9:28:01 PM [Operation] RECOVERY GIRL
3/9/2017 9:28:01 PM [Operation] ADANCE FOR ADELE
3/9/2017 9:28:01 PM [Operation] LADY LOHR
3/9/2017 9:28:01 PM [Operation] LANDS N TRADITIONS
3/9/2017 9:28:01 PM [Operation] SARA'S VIRTUE
3/9/2017 9:28:01 PM [Operation] FLORIDA WILDCAT
3/9/2017 9:28:01 PM [Operation] STORMY BEAUTY
3/9/2017 9:28:01 PM [Operation] STEEL HAMMER
3/9/2017 9:28:01 PM [Operation] ETZEME
3/9/2017 9:28:01 PM [Operation] WINSTON C
3/9/2017 9:28:01 PM [Operation] COMMITMENT LETTER
3/9/2017 9:28:01 PM [Operation] SCORCHER
3/9/2017 9:28:01 PM [Operation] LITTLE BAILEY
3/9/2017 9:28:01 PM [Operation] FRENCH CONCORDE
3/9/2017 9:28:01 PM [Operation] RED CANDY
3/9/2017 9:28:01 PM [Operation] GINAGAIN
3/9/2017 9:28:01 PM [Operation] LANDS N TRADITIONS
3/9/2017 9:28:01 PM [Operation] SARA'S VIRTUE
3/9/2017 9:28:01 PM [Operation] FLORIDA WILDCAT
3/9/2017 9:28:01 PM [Operation] STORMY BEAUTY
3/9/2017 9:28:01 PM [Operation] STEEL HAMMER
3/9/2017 9:28:01 PM [Operation] ETZEME
3/9/2017 9:28:01 PM [Operation] WINSTON C
3/9/2017 9:28:01 PM [Operation] COMMITMENT LETTER
3/9/2017 9:28:01 PM [Operation] SCORCHER
3/9/2017 9:28:01 PM [Operation] LITTLE BAILEY
3/9/2017 9:28:01 PM [Operation] FRENCH CONCORDE
3/9/2017 9:28:01 PM [Operation] RED CANDY
3/9/2017 9:28:01 PM [Operation] GINAGAIN
3/9/2017 9:28:01 PM [Operation] LANDS N TRADITIONS
3/9/2017 9:28:01 PM [Operation] SARA'S VIRTUE
3/9/2017 9:28:01 PM [Operation] FLORIDA WILDCAT
3/9/2017 9:28:01 PM [Operation] STORMY BEAUTY
3/9/2017 9:28:01 PM [Operation] STEEL HAMMER
3/9/2017 9:28:01 PM [Operation] ETZEME
3/9/2017 9:28:01 PM [Operation] WINSTON C
3/9/2017 9:28:01 PM [Operation] COMMITMENT LETTER
3/9/2017 9:28:01 PM [Operation] SCORCHER
3/9/2017 9:28:01 PM [Operation] SILVER WINGS
3/9/2017 9:28:01 PM [Operation] LITTLE BAILEY
3/9/2017 9:28:01 PM [Operation] FRENCH CONCORDE
3/9/2017 9:28:01 PM [Operation] RED CANDY
3/9/2017 9:28:01 PM [Operation] GINAGAIN
3/9/2017 9:28:01 PM [Operation] LANDS N TRADITIONS
3/9/2017 9:28:01 PM [Operation] SARA'S VIRTUE
3/9/2017 9:28:01 PM [Operation] FLORIDA WILDCAT
3/9/2017 9:28:01 PM [Operation] STORMY BEAUTY
3/9/2017 9:28:01 PM [Operation] STEEL HAMMER
3/9/2017 9:28:01 PM [Operation] ETZEME
3/9/2017 9:28:01 PM [Operation] WINSTON C
3/9/2017 9:28:01 PM [Operation] COMMITMENT LETTER
3/9/2017 9:28:01 PM [Operation] SCORCHER
3/9/2017 9:28:01 PM [Operation] SILVER WINGS
3/9/2017 9:28:01 PM [Operation] LITTLE BAILEY
3/9/2017 9:28:01 PM [Operation] FRENCH CONCORDE
3/9/2017 9:28:01 PM [Operation] RED CANDY
3/9/2017 9:28:01 PM [Operation] GINAGAIN
3/9/2017 9:28:01 PM [Operation] DIXIE PIXIE
3/9/2017 9:28:01 PM [Operation] BUDDYLIGHT
3/9/2017 9:28:01 PM [Operation] VIKING
3/9/2017 9:28:01 PM [Operation] RIGAMARO
3/9/2017 9:28:01 PM [Operation] SILKEN PRINCE
3/9/2017 9:28:01 PM [Operation] DONT TOUCH MY GOLD
3/9/2017 9:28:01 PM [Operation] TOTAL PACKAGE
3/9/2017 9:28:01 PM [Operation] DIXIE PIXIE
3/9/2017 9:28:01 PM [Operation] BUDDYLIGHT
3/9/2017 9:28:01 PM [Operation] VIKING
3/9/2017 9:28:01 PM [Operation] RIGAMARO
3/9/2017 9:28:01 PM [Operation] SILKEN PRINCE
3/9/2017 9:28:01 PM [Operation] DONT TOUCH MY GOLD
3/9/2017 9:28:01 PM [Operation] TOTAL PACKAGE
3/9/2017 9:28:01 PM [Operation] DIXIE PIXIE
3/9/2017 9:28:01 PM [Operation] BUDDYLIGHT
3/9/2017 9:28:01 PM [Operation] VIKING
3/9/2017 9:28:01 PM [Operation] RIGAMARO
3/9/2017 9:28:01 PM [Operation] TILLO
3/9/2017 9:28:01 PM [Operation] SILKEN PRINCE
3/9/2017 9:28:01 PM [Operation] DONT TOUCH MY GOLD
3/9/2017 9:28:01 PM [Operation] TOTAL PACKAGE
3/9/2017 9:28:01 PM [Operation] DIXIE PIXIE
3/9/2017 9:28:01 PM [Operation] BUDDYLIGHT
3/9/2017 9:28:01 PM [Operation] VIKING
3/9/2017 9:28:01 PM [Operation] RIGAMARO
3/9/2017 9:28:01 PM [Operation] SANCERRE
3/9/2017 9:28:01 PM [Operation] TILLO
3/9/2017 9:28:01 PM [Operation] SILKEN PRINCE
3/9/2017 9:28:01 PM [Operation] DONT TOUCH MY GOLD
3/9/2017 9:28:01 PM [Operation] MISS TEXAS SWEETIE
3/9/2017 9:28:01 PM [Operation] EXCUSE DE JURE
3/9/2017 9:28:01 PM [Operation] OFFICE MORGAN
3/9/2017 9:28:01 PM [Operation] SLAMA JAMA SLEW
3/9/2017 9:28:01 PM [Operation] CACTUS FLOWERS
3/9/2017 9:28:01 PM [Operation] GREEN BRIAR KITTY
3/9/2017 9:28:01 PM [Operation] ALI'S INCLUDED
3/9/2017 9:28:01 PM [Operation] MISS TEXAS SWEETIE
3/9/2017 9:28:01 PM [Operation] EXCUSE DE JURE
3/9/2017 9:28:01 PM [Operation] OFFICE MORGAN
3/9/2017 9:28:01 PM [Operation] SLAMA JAMA SLEW
3/9/2017 9:28:01 PM [Operation] CACTUS FLOWERS
3/9/2017 9:28:01 PM [Operation] GREEN BRIAR KITTY
3/9/2017 9:28:01 PM [Operation] ALI'S INCLUDED
3/9/2017 9:28:01 PM [Operation] MISS TEXAS SWEETIE
3/9/2017 9:28:01 PM [Operation] EXCUSE DE JURE
3/9/2017 9:28:01 PM [Operation] OFFICE MORGAN
3/9/2017 9:28:01 PM [Operation] SLAMA JAMA SLEW
3/9/2017 9:28:01 PM [Operation] CACTUS FLOWERS
3/9/2017 9:28:01 PM [Operation] GREEN BRIAR KITTY
3/9/2017 9:28:01 PM [Operation] ALI'S INCLUDED
3/9/2017 9:28:01 PM [Operation] MISS TEXAS SWEETIE
3/9/2017 9:28:01 PM [Operation] FABULOUS HEART
3/9/2017 9:28:01 PM [Operation] EXCUSE DE JURE
3/9/2017 9:28:01 PM [Operation] OFFICE MORGAN
3/9/2017 9:28:01 PM [Operation] SLAMA JAMA SLEW
3/9/2017 9:28:01 PM [Operation] CACTUS FLOWERS
3/9/2017 9:28:01 PM [Operation] GREEN BRIAR KITTY
3/9/2017 9:28:01 PM [Operation] ALI'S INCLUDED
3/9/2017 9:28:01 PM [Operation] MISS TEXAS SWEETIE
3/9/2017 9:28:01 PM [Operation] FABULOUS HEART
3/9/2017 9:28:01 PM [Operation] EXCUSE DE JURE
3/9/2017 9:28:01 PM [Operation] OFFICE MORGAN
3/9/2017 9:28:01 PM [Operation] SLAMA JAMA SLEW
3/9/2017 9:28:01 PM [Operation] CACTUS FLOWERS
3/9/2017 9:28:01 PM [Operation] GREEN BRIAR KITTY
3/9/2017 9:28:01 PM [Operation] ALI'S INCLUDED
3/9/2017 9:28:01 PM [Operation] MISS TEXAS SWEETIE
3/9/2017 9:28:01 PM [Operation] FABULOUS HEART
3/9/2017 9:28:01 PM [Operation] EXCUSE DE JURE
3/9/2017 9:28:01 PM [Operation] OFFICE MORGAN
3/9/2017 9:28:01 PM [Operation] SLAMA JAMA SLEW
3/9/2017 9:28:01 PM [Operation] CACTUS FLOWERS
3/9/2017 9:28:01 PM [Operation] GREEN BRIAR KITTY
3/9/2017 9:28:01 PM [Operation] ALI'S INCLUDED
3/9/2017 9:28:01 PM [Operation] MISS TEXAS SWEETIE
3/9/2017 9:28:01 PM [Operation] FABULOUS HEART
3/9/2017 9:28:01 PM [Operation] EXCUSE DE JURE
3/9/2017 9:28:01 PM [Operation] OFFICE MORGAN
3/9/2017 9:28:01 PM [Operation] SLAMA JAMA SLEW
3/9/2017 9:28:01 PM [Operation] CACTUS FLOWERS
3/9/2017 9:28:01 PM [Operation] GREEN BRIAR KITTY
3/9/2017 9:28:01 PM [Operation] ALI'S INCLUDED
3/9/2017 9:28:01 PM [Operation] GRAND TOPPER
3/9/2017 9:28:01 PM [Operation] LUCKY FITZ
3/9/2017 9:28:01 PM [Operation] SHESNOWSALL
3/9/2017 9:28:01 PM [Operation] GRAND TOPPER
3/9/2017 9:28:01 PM [Operation] LUCKY FITZ
3/9/2017 9:28:01 PM [Operation] SHESNOWSALL
3/9/2017 9:28:01 PM [Operation] LOVE THOSE CDS
3/9/2017 9:28:01 PM [Operation] VARBOROUGH
3/9/2017 9:28:01 PM [Operation] PYRO CITY
3/9/2017 9:28:01 PM [Operation] LOVE THOSE CDS
3/9/2017 9:28:01 PM [Operation] VARBOROUGH
3/9/2017 9:28:01 PM [Operation] PYRO CITY
3/9/2017 9:28:01 PM [Operation] MYRASIRA
3/9/2017 9:28:01 PM [Operation] LOVE THOSE CDS
3/9/2017 9:28:01 PM [Operation] VARBOROUGH
3/9/2017 9:28:01 PM [Operation] PYRO CITY
3/9/2017 9:28:01 PM [Operation] MYRASIRA
3/9/2017 9:28:01 PM [Operation] LOVE THOSE CDS
3/9/2017 9:28:01 PM [Operation] VARBOROUGH
3/9/2017 9:28:01 PM [Operation] PYRO CITY
3/9/2017 9:28:01 PM [Operation] MYRASIRA
3/9/2017 9:28:01 PM [Operation] STICKY CACTUS
3/9/2017 9:28:01 PM [Operation] BOOGITY BOOG
3/9/2017 9:28:01 PM [Operation] SIGNAL FLAG
3/9/2017 9:28:01 PM [Operation] STICKY CACTUS
3/9/2017 9:28:01 PM [Operation] BOOGITY BOOG
3/9/2017 9:28:01 PM [Operation] SIGNAL FLAG
3/9/2017 9:28:01 PM [Operation] PANDERING
3/9/2017 9:28:01 PM [Operation] ZARBY'S HOME
3/9/2017 9:28:01 PM [Operation] DORVAN
3/9/2017 9:28:01 PM [Operation] ANTHONY
3/9/2017 9:28:01 PM [Operation] PANDERING
3/9/2017 9:28:01 PM [Operation] ZARBY'S HOME
3/9/2017 9:28:01 PM [Operation] DORVAN
3/9/2017 9:28:01 PM [Operation] ANTHONY
3/9/2017 9:28:01 PM [Operation] PANDERING
3/9/2017 9:28:01 PM [Operation] ZARBY'S HOME
3/9/2017 9:28:01 PM [Operation] DORVAN
3/9/2017 9:28:01 PM [Operation] BITTER TRUTH
3/9/2017 9:28:01 PM [Operation] ANTHONY
3/9/2017 9:28:01 PM [Operation] L'AFFAIRE
3/9/2017 9:28:01 PM [Operation] SUMKIN
3/9/2017 9:28:01 PM [Operation] APIANUS
3/9/2017 9:28:01 PM [Operation] L'AFFAIRE
3/9/2017 9:28:01 PM [Operation] SUMKIN
3/9/2017 9:28:01 PM [Operation] APIANUS
3/9/2017 9:28:01 PM [Operation] L'AFFAIRE
3/9/2017 9:28:01 PM [Operation] SUMKIN
3/9/2017 9:28:01 PM [Operation] APIANUS
3/9/2017 9:28:01 PM [Operation] L'AFFAIRE
3/9/2017 9:28:01 PM [Operation] SUMKIN
3/9/2017 9:28:01 PM [Operation] APIANUS
3/9/2017 9:28:01 PM [Operation] L'AFFAIRE
3/9/2017 9:28:01 PM [Operation] SUMKIN
3/9/2017 9:28:01 PM [Operation] APIANUS
3/9/2017 9:28:01 PM [Operation] L'AFFAIRE
3/9/2017 9:28:01 PM [Operation] SUMKIN
3/9/2017 9:28:01 PM [Operation] MOONOVERMANHATTAN
3/9/2017 9:28:01 PM [Operation] KATE WINSALOT
3/9/2017 9:28:01 PM [Operation] KATE WINSALOT
3/9/2017 9:28:01 PM [Operation] BROTHER MAN
3/9/2017 9:28:01 PM [Operation] DURF
3/9/2017 9:28:01 PM [Operation] KATE WINSALOT
3/9/2017 9:28:01 PM [Operation] SHAKALAKA
3/9/2017 9:28:01 PM [Operation] BROTHER MAN
3/9/2017 9:28:01 PM [Operation] DURF
3/9/2017 9:28:01 PM [Operation] KATE WINSALOT
3/9/2017 9:28:01 PM [Operation] SHAKALAKA
3/9/2017 9:28:01 PM [Operation] BROTHER MAN
3/9/2017 9:28:01 PM [Operation] TATANKA
3/9/2017 9:28:01 PM [Operation] DURF
3/9/2017 9:28:01 PM [Operation] SIR DANCE A LOT
3/9/2017 9:28:01 PM [Operation] BERRY BERRY BUENO
3/9/2017 9:28:01 PM [Operation] CREME DELA SUANCES
3/9/2017 9:28:01 PM [Operation] POSSE IN EFFECT
3/9/2017 9:28:01 PM [Operation] BERENGARIA
3/9/2017 9:28:01 PM [Operation] ANN'S SMART DANCER
3/9/2017 9:28:01 PM [Operation] CORALINE
3/9/2017 9:28:01 PM [Operation] SIR DANCE A LOT
3/9/2017 9:28:01 PM [Operation] GET MORE MONEY
3/9/2017 9:28:01 PM [Operation] BERRY BERRY BUENO
3/9/2017 9:28:01 PM [Operation] CREME DELA SUANCES
3/9/2017 9:28:01 PM [Operation] POSSE IN EFFECT
3/9/2017 9:28:01 PM [Operation] MARCIANNIE
3/9/2017 9:28:01 PM [Operation] BERENGARIA
3/9/2017 9:28:01 PM [Operation] ANN'S SMART DANCER
3/9/2017 9:28:01 PM [Operation] CORALINE
3/9/2017 9:28:01 PM [Operation] FEATURE MS JESSY
3/9/2017 9:28:01 PM [Operation] OSU COWBOY ATTITUDE
3/9/2017 9:28:01 PM [Operation] DALTS MONEY MAKER
3/9/2017 9:28:01 PM [Operation] FEATURE MS JESSY
3/9/2017 9:28:01 PM [Operation] OSU COWBOY ATTITUDE
3/9/2017 9:28:01 PM [Operation] DALTS MONEY MAKER
3/9/2017 9:28:01 PM [Operation] FEATURE MS JESSY
3/9/2017 9:28:01 PM [Operation] DOUBLE ACCEL
3/9/2017 9:28:01 PM [Operation] OSU COWBOY ATTITUDE
3/9/2017 9:28:01 PM [Operation] DALTS MONEY MAKER
3/9/2017 9:28:01 PM [Operation] FEATURE MS JESSY
3/9/2017 9:28:01 PM [Operation] DOUBLE ACCEL
3/9/2017 9:28:01 PM [Operation] OSU COWBOY ATTITUDE
3/9/2017 9:28:01 PM [Operation] DALTS MONEY MAKER
3/9/2017 9:28:01 PM [Operation] BLUE DESERT ROSE
3/9/2017 9:28:01 PM [Operation] FEATURE MS JESSY
3/9/2017 9:28:01 PM [Operation] DOUBLE ACCEL
3/9/2017 9:28:01 PM [Operation] OSU COWBOY ATTITUDE
3/9/2017 9:28:01 PM [Operation] FIRST KOOL CHICK
3/9/2017 9:28:01 PM [Operation] DALTS MONEY MAKER
3/9/2017 9:28:01 PM [Operation] BLUE DESERT ROSE
3/9/2017 9:28:01 PM [Operation] FEATURE MS JESSY
3/9/2017 9:28:01 PM [Operation] DOUBLE ACCEL
3/9/2017 9:28:01 PM [Operation] OSU COWBOY ATTITUDE
3/9/2017 9:28:01 PM [Operation] FIRST KOOL CHICK
3/9/2017 9:28:01 PM [Operation] DALTS MONEY MAKER
3/9/2017 9:28:01 PM [Operation] BLUE DESERT ROSE
3/9/2017 9:28:01 PM [Operation] WILLIE MOSCONI
3/9/2017 9:28:01 PM [Operation] MS
3/9/2017 9:28:01 PM [Operation] G
3/9/2017 9:28:01 PM [Operation] I
3/9/2017 9:28:01 PM [Operation] JANE
3/9/2017 9:28:01 PM [Operation] MELISSA ROSE
3/9/2017 9:28:01 PM [Operation] MS
3/9/2017 9:28:01 PM [Operation] G
3/9/2017 9:28:01 PM [Operation] I
3/9/2017 9:28:01 PM [Operation] JANE
3/9/2017 9:28:01 PM [Operation] MELISSA ROSE
3/9/2017 9:28:01 PM [Operation] MS
3/9/2017 9:28:01 PM [Operation] G
3/9/2017 9:28:01 PM [Operation] I
3/9/2017 9:28:01 PM [Operation] JANE
3/9/2017 9:28:01 PM [Operation] CHEETAH WOODS
3/9/2017 9:28:01 PM [Operation] GEIGERMEISTER
3/9/2017 9:28:01 PM [Operation] GOLDEN PROSPECTOR
3/9/2017 9:28:01 PM [Operation] PROSPECTIVE LOVE
3/9/2017 9:28:01 PM [Operation] CHEETAH WOODS
3/9/2017 9:28:01 PM [Operation] GEIGERMEISTER
3/9/2017 9:28:01 PM [Operation] GOLDEN PROSPECTOR
3/9/2017 9:28:01 PM [Operation] PROSPECTIVE LOVE
3/9/2017 9:28:01 PM [Operation] CHEETAH WOODS
3/9/2017 9:28:01 PM [Operation] GEIGERMEISTER
3/9/2017 9:28:01 PM [Operation] GOLDEN PROSPECTOR
3/9/2017 9:28:01 PM [Operation] PROSPECTIVE LOVE
3/9/2017 9:28:01 PM [Operation] CHEETAH WOODS
3/9/2017 9:28:01 PM [Operation] GEIGERMEISTER
3/9/2017 9:28:01 PM [Operation] GOLDEN PROSPECTOR
3/9/2017 9:28:01 PM [Operation] UNO FRONTERA
3/9/2017 9:28:01 PM [Operation] PROSPECTIVE LOVE
3/9/2017 9:28:01 PM [Operation] CHEETAH WOODS
3/9/2017 9:28:01 PM [Operation] GEIGERMEISTER
3/9/2017 9:28:01 PM [Operation] GOLDEN PROSPECTOR
3/9/2017 9:28:01 PM [Operation] M P STORM MANIA
3/9/2017 9:28:01 PM [Operation] UNO FRONTERA
3/9/2017 9:28:01 PM [Operation] PROSPECTIVE LOVE
3/9/2017 9:28:01 PM [Operation] LEROY'S PRIDE
3/9/2017 9:28:01 PM [Operation] CARBON COUNTY
3/9/2017 9:28:01 PM [Operation] ZEE ARE ONE
3/9/2017 9:28:01 PM [Operation] SPANISH BLUES
3/9/2017 9:28:01 PM [Operation] DREAMSPELL
3/9/2017 9:28:01 PM [Operation] BOBBIESQUEEN
3/9/2017 9:28:01 PM [Operation] LEROY'S PRIDE
3/9/2017 9:28:01 PM [Operation] CARBON COUNTY
3/9/2017 9:28:01 PM [Operation] ZEE ARE ONE
3/9/2017 9:28:01 PM [Operation] SPANISH BLUES
3/9/2017 9:28:01 PM [Operation] DREAMSPELL
3/9/2017 9:28:01 PM [Operation] JEWELS VERDE
3/9/2017 9:28:01 PM [Operation] SWEETDREAMSGALLORE
3/9/2017 9:28:01 PM [Operation] BOBBIESQUEEN
3/9/2017 9:28:01 PM [Operation] LEROY'S PRIDE
3/9/2017 9:28:01 PM [Operation] CARBON COUNTY
3/9/2017 9:28:01 PM [Operation] ZEE ARE ONE
3/9/2017 9:28:01 PM [Operation] SPANISH BLUES
3/9/2017 9:28:01 PM [Operation] DREAMSPELL
3/9/2017 9:28:01 PM [Operation] JEWELS VERDE
3/9/2017 9:28:01 PM [Operation] SWEETDREAMSGALLORE
3/9/2017 9:28:01 PM [Operation] BOBBIESQUEEN
3/9/2017 9:28:01 PM [Operation] LEROY'S PRIDE
3/9/2017 9:28:01 PM [Operation] CARBON COUNTY
3/9/2017 9:28:01 PM [Operation] ZEE ARE ONE
3/9/2017 9:28:01 PM [Operation] SPANISH BLUES
3/9/2017 9:28:01 PM [Operation] DREAMSPELL
3/9/2017 9:28:01 PM [Operation] JEWELS VERDE
3/9/2017 9:28:01 PM [Operation] SWEETDREAMSGALLORE
3/9/2017 9:28:01 PM [Operation] BOBBIESQUEEN
3/9/2017 9:28:01 PM [Operation] LEROY'S PRIDE
3/9/2017 9:28:01 PM [Operation] CARBON COUNTY
3/9/2017 9:28:01 PM [Operation] ZEE ARE ONE
3/9/2017 9:28:01 PM [Operation] SPANISH BLUES
3/9/2017 9:28:01 PM [Operation] DREAMSPELL
3/9/2017 9:28:01 PM [Operation] JEWELS VERDE
3/9/2017 9:28:01 PM [Operation] SWEETDREAMSGALLORE
3/9/2017 9:28:01 PM [Operation] BOBBIESQUEEN
3/9/2017 9:28:01 PM [Operation] LEROY'S PRIDE
3/9/2017 9:28:01 PM [Operation] CARBON COUNTY
3/9/2017 9:28:01 PM [Operation] ZEE ARE ONE
3/9/2017 9:28:01 PM [Operation] SPANISH BLUES
3/9/2017 9:28:01 PM [Operation] DREAMSPELL
3/9/2017 9:28:01 PM [Operation] JEWELS VERDE
3/9/2017 9:28:01 PM [Operation] SWEETDREAMSGALLORE
3/9/2017 9:28:01 PM [Operation] BOBBIESQUEEN
3/9/2017 9:28:01 PM [Operation] LEROY'S PRIDE
3/9/2017 9:28:01 PM [Operation] CARBON COUNTY
3/9/2017 9:28:01 PM [Operation] ZEE ARE ONE
3/9/2017 9:28:01 PM [Operation] SPANISH BLUES
3/9/2017 9:28:01 PM [Operation] DREAMSPELL
3/9/2017 9:28:01 PM [Operation] JEWELS VERDE
3/9/2017 9:28:01 PM [Operation] SWEETDREAMSGALLORE
3/9/2017 9:28:01 PM [Operation] G AREYOUKIDDING
3/9/2017 9:28:01 PM [Operation] CINDY ANDY
3/9/2017 9:28:01 PM [Operation] SIGNING OFF
3/9/2017 9:28:01 PM [Operation] SOTOLUCO
3/9/2017 9:28:01 PM [Operation] HALF POT
3/9/2017 9:28:01 PM [Operation] YOURLUCKYTOHAVEME
3/9/2017 9:28:01 PM [Operation] A GIANT FOR JESTER
3/9/2017 9:28:01 PM [Operation] G AREYOUKIDDING
3/9/2017 9:28:01 PM [Operation] CINDY ANDY
3/9/2017 9:28:01 PM [Operation] SIGNING OFF
3/9/2017 9:28:01 PM [Operation] COLONEL POTTER
3/9/2017 9:28:01 PM [Operation] SOTOLUCO
3/9/2017 9:28:01 PM [Operation] HALF POT
3/9/2017 9:28:01 PM [Operation] YOURLUCKYTOHAVEME
3/9/2017 9:28:01 PM [Operation] A GIANT FOR JESTER
3/9/2017 9:28:01 PM [Operation] G AREYOUKIDDING
3/9/2017 9:28:01 PM [Operation] CINDY ANDY
3/9/2017 9:28:01 PM [Operation] SIGNING OFF
3/9/2017 9:28:01 PM [Operation] COLONEL POTTER
3/9/2017 9:28:01 PM [Operation] SOTOLUCO
3/9/2017 9:28:01 PM [Operation] HALF POT
3/9/2017 9:28:01 PM [Operation] YOURLUCKYTOHAVEME
3/9/2017 9:28:01 PM [Operation] A GIANT FOR JESTER
3/9/2017 9:28:01 PM [Operation] G AREYOUKIDDING
3/9/2017 9:28:01 PM [Operation] CINDY ANDY
3/9/2017 9:28:01 PM [Operation] SIGNING OFF
3/9/2017 9:28:01 PM [Operation] COLONEL POTTER
3/9/2017 9:28:01 PM [Operation] SOTOLUCO
3/9/2017 9:28:01 PM [Operation] HALF POT
3/9/2017 9:28:01 PM [Operation] YOURLUCKYTOHAVEME
3/9/2017 9:28:01 PM [Operation] A GIANT FOR JESTER
3/9/2017 9:28:01 PM [Operation] G AREYOUKIDDING
3/9/2017 9:28:01 PM [Operation] CINDY ANDY
3/9/2017 9:28:01 PM [Operation] SIGNING OFF
3/9/2017 9:28:01 PM [Operation] COLONEL POTTER
3/9/2017 9:28:01 PM [Operation] SOTOLUCO
3/9/2017 9:28:01 PM [Operation] HALF POT
3/9/2017 9:28:01 PM [Operation] YOURLUCKYTOHAVEME
3/9/2017 9:28:01 PM [Operation] A GIANT FOR JESTER
3/9/2017 9:28:01 PM [Operation] G AREYOUKIDDING
3/9/2017 9:28:01 PM [Operation] CINDY ANDY
3/9/2017 9:28:01 PM [Operation] SIGNING OFF
3/9/2017 9:28:01 PM [Operation] COLONEL POTTER
3/9/2017 9:28:01 PM [Operation] SOTOLUCO
3/9/2017 9:28:01 PM [Operation] SASYBEY
3/9/2017 9:28:01 PM [Operation] HALF POT
3/9/2017 9:28:01 PM [Operation] YOURLUCKYTOHAVEME
3/9/2017 9:28:01 PM [Operation] A GIANT FOR JESTER
3/9/2017 9:28:01 PM [Operation] BF IVORY SHOWERS
3/9/2017 9:28:01 PM [Operation] THE PHENOM
3/9/2017 9:28:01 PM [Operation] SHES AMARTINILOVER
3/9/2017 9:28:01 PM [Operation] CRUSADEN
3/9/2017 9:28:01 PM [Operation] BF IVORY SHOWERS
3/9/2017 9:28:01 PM [Operation] HEADED FOR HOME
3/9/2017 9:28:01 PM [Operation] THE PHENOM
3/9/2017 9:28:01 PM [Operation] SHES AMARTINILOVER
3/9/2017 9:28:01 PM [Operation] CRUSADEN
3/9/2017 9:28:01 PM [Operation] BF IVORY SHOWERS
3/9/2017 9:28:01 PM [Operation] HEADED FOR HOME
3/9/2017 9:28:01 PM [Operation] THE PHENOM
3/9/2017 9:28:01 PM [Operation] SHES AMARTINILOVER
3/9/2017 9:28:01 PM [Operation] CRUSADEN
3/9/2017 9:28:01 PM [Operation] Import Todays HDW For Reports 
3/9/2017 9:28:01 PM [Operation] UpdateSpeedPoints
3/9/2017 9:28:23 PM [Operation] IndexToday
3/9/2017 9:28:29 PM [Operation] IndexPedigree
3/9/2017 9:28:43 PM [Operation] qryUpdateEntryOwnerFromXrefTrainer
3/9/2017 9:28:44 PM [Operation] qryUpdateIVRankingAndFinalOrderTables-End
3/9/2017 9:28:44 PM [Operation] UpdateSuperJockeyTrainer
3/9/2017 9:28:45 PM [Operation] UpdateATL
3/9/2017 9:28:47 PM [Operation] UpdateNbrOfStarters
3/9/2017 9:28:48 PM [Operation] Set Liners
3/9/2017 9:28:52 PM [Operation] UpdateTopFigures
3/9/2017 9:28:52 PM [Operation] UpdatePaceAdvantage
3/9/2017 9:28:54 PM [Operation] UpdateTipSheetSelections
3/9/2017 9:29:02 PM [Operation] UpdateTodaysWagerWinPct
3/9/2017 9:29:17 PM [Operation] UpdateTodaysWagerWinPct
3/9/2017 9:29:33 PM [Operation] UpdateTodaysWagerWinPctRank
3/9/2017 9:29:42 PM [Operation] UpdateReportSelections
3/9/2017 9:29:46 PM [Operation] UpdateGimmicks
3/9/2017 9:29:58 PM [Operation] UpdateATL
3/9/2017 9:30:00 PM [Operation] UpdateHHFromToday
3/9/2017 9:30:11 PM [Operation] Create Reports 
3/9/2017 9:30:18 PM [Operation] CreateWagers
3/9/2017 9:30:19 PM [Operation] Create TSN Reports - Start
3/9/2017 9:30:22 PM [Operation] Create TSN Reports - End
3/9/2017 9:30:22 PM [Operation] Create Hospital Reports - Start
3/9/2017 9:31:13 PM [Operation] Create Hospital Reports - End
3/9/2017 9:31:13 PM [Operation] Create Hospital2 Reports - Start
3/9/2017 9:32:04 PM [Operation] Create Hospital2 Reports - End
3/9/2017 9:32:04 PM [Operation] Create Value Reports - Start
3/9/2017 9:32:08 PM [Operation] Create Value Reports - End 
